
2012-03-03 23:09:56|orderid[]|str[Buy10011753526CNYalongalongalonghttp://www.dedecaiji.com/teepay/callback.php01]|hmac[dbc33787099d9c2435f89ac434532931]
2012-03-03 23:13:08|orderid[along_1330830773]|str[Buy10011753526along_13308307731000CNYalongalongalongcallback.php0along_1330830773CCB-NET1]|hmac[54a40f5e991260790170d3d79ed5aa8e]
2012-03-03 23:14:56|orderid[along_1330830773]|str[Buy10011753526along_13308307731000CNYalongalongalongcallback.php0along_1330830773CCB-NET1]|hmac[54a40f5e991260790170d3d79ed5aa8e]
2012-03-03 23:28:07|orderid[along_1330831681]|str[Buy10011753526along_13308316811CNYalongalongalongcallback.php0along_1330831681CCB-NET1]|hmac[0e99c4efd3ac1bf0a433a5ddaa4b3cda]
2012-03-03 23:46:01|orderid[]|str[10011753526]|hmac[83eab772faef5867523182262c581f74]
2012-03-03 23:46:01|orderid[]|str[10011753526]|hmac[83eab772faef5867523182262c581f74]
2012-03-04 01:12:00|orderid[qazwsx888_1330837909]|str[Buy10011753526qazwsx888_13308379091000CNYqazwsx888qazwsx888qazwsx888callback.php0qazwsx888_1330837909CCB-NET1]|hmac[8d61646b2715225fbb3938a76ad89c8f]
2012-03-04 01:12:35|orderid[qazwsx888_1330837909]|str[Buy10011753526qazwsx888_13308379091CNYqazwsx888qazwsx888qazwsx888callback.php0qazwsx888_1330837909CCB-NET1]|hmac[bf0de3a57de9d1c78e29b80333ed66a4]
2012-03-04 01:13:07|orderid[qazwsx888_1330837909]|str[Buy10011753526qazwsx888_13308379091CNYqazwsx888qazwsx888qazwsx888callback.php0qazwsx888_1330837909CCB-NET1]|hmac[bf0de3a57de9d1c78e29b80333ed66a4]
2012-03-04 01:13:52|orderid[qazwsx888_1330838026]|str[Buy10011753526qazwsx888_13308380261CNYqazwsx888qazwsx888qazwsx888callback.php0qazwsx888_1330838026CCB-NET1]|hmac[6da834d8debebf579516c5f1ca20cc68]
2012-03-04 01:20:24|orderid[membe_1330838414]|str[Buy10011753526membe_13308384141CNYmembemembemembecallback.php0membe_1330838414CCB-NET1]|hmac[0948be6b744af24784f18645273b8fd0]
2012-03-04 02:10:41|orderid[along_1330841141]|str[Buy10011753526along_13308411411CNYalongalongalongcallback.php0along_1330841141CCB-NET1]|hmac[8fd4f2bba066bf2269b91224d12589aa]
2012-03-04 02:20:58|orderid[along_1330842051]|str[Buy10011753526along_13308420511CNYalongalongalong/member/yeepay/callback.php0along_1330842051CCB-NET1]|hmac[d7480112276ad0b08ae195332613fa40]
2012-03-04 02:24:21|orderid[along_1330842252]|str[Buy10011753526along_13308422521CNYalongalongalonghttp://www.cfstock.cc/member/yeepay/callback.php0along_1330842252CCB-NET1]|hmac[ec0cbd416b03e10c1f185948add1d009]
2012-03-04 02:25:23|orderid[along_1330842252]|str[10011753526Buy1817690587924719B1.0RMBalongalong_1330842252along_13308422521]|hmac[fd4f5cd13e8a96bd953489683327babf]
2012-03-04 02:27:02|orderid[along_1330842252]|str[10011753526Buy1817690587924719B1.0RMBalongalong_1330842252along_13308422522]|hmac[08f326714f2ab959902edc2b34bec6bf]
2012-03-04 02:27:37|orderid[along_1330842451]|str[Buy10011753526along_13308424511CNYalongalongalonghttp://www.cfstock.cc/member/yeepay/callback.php0along_1330842451CCB-NET1]|hmac[be61379c6fd555c05c4a97ba92a6ad11]
2012-03-04 02:36:24|orderid[along_1330842252]|str[10011753526Buy1817690587924719B1.0RMBalongalong_1330842252along_13308422522]|hmac[08f326714f2ab959902edc2b34bec6bf]
2012-03-04 02:36:36|orderid[membe_1330842990]|str[Buy10011753526membe_13308429901CNYmembemembemembehttp://www.cfstock.cc/member/yeepay/callback.php0membe_1330842990CCB-NET1]|hmac[0989a3866cb992a7d96b6b00fe06ae67]
2012-03-04 02:37:34|orderid[membe_1330842990]|str[10011753526Buy1817690598223019B1.0RMBmembemembe_1330842990membe_13308429901]|hmac[83a4e121bfab8a3f43675ed477d30e6a]
2012-03-04 02:38:22|orderid[along_1330842252]|str[10011753526Buy1817690587924719B1.0RMBalongalong_1330842252along_13308422522]|hmac[08f326714f2ab959902edc2b34bec6bf]
2012-03-04 02:39:17|orderid[membe_1330842990]|str[10011753526Buy1817690598223019B1.0RMBmembemembe_1330842990membe_13308429902]|hmac[f11d39945db4a9a63e4903e4d4b85d6e]
2012-03-04 02:40:22|orderid[along_1330842252]|str[10011753526Buy1817690587924719B1.0RMBalongalong_1330842252along_13308422522]|hmac[08f326714f2ab959902edc2b34bec6bf]
2012-03-04 02:40:30|orderid[along_1330842252]|str[10011753526Buy1817690587924719B1.0RMBalongalong_1330842252along_13308422522]|hmac[08f326714f2ab959902edc2b34bec6bf]
2012-03-04 02:42:21|orderid[along_1330842252]|str[10011753526Buy1817690587924719B1.0RMBalongalong_1330842252along_13308422522]|hmac[08f326714f2ab959902edc2b34bec6bf]
2012-03-04 02:44:20|orderid[along_1330842252]|str[10011753526Buy1817690587924719B1.0RMBalongalong_1330842252along_13308422522]|hmac[08f326714f2ab959902edc2b34bec6bf]
2012-03-04 02:46:19|orderid[along_1330842252]|str[10011753526Buy1817690587924719B1.0RMBalongalong_1330842252along_13308422522]|hmac[08f326714f2ab959902edc2b34bec6bf]
2012-03-04 02:46:31|orderid[along_1330842252]|str[10011753526Buy1817690587924719B1.0RMBalongalong_1330842252along_13308422522]|hmac[08f326714f2ab959902edc2b34bec6bf]
2012-03-04 02:48:18|orderid[along_1330842252]|str[10011753526Buy1817690587924719B1.0RMBalongalong_1330842252along_13308422522]|hmac[08f326714f2ab959902edc2b34bec6bf]
2012-03-04 02:48:27|orderid[membe_1330842990]|str[10011753526Buy1817690598223019B1.0RMBmembemembe_1330842990membe_13308429902]|hmac[f11d39945db4a9a63e4903e4d4b85d6e]
2012-03-04 02:50:18|orderid[along_1330842252]|str[10011753526Buy1817690587924719B1.0RMBalongalong_1330842252along_13308422522]|hmac[08f326714f2ab959902edc2b34bec6bf]
2012-03-04 02:52:17|orderid[along_1330842252]|str[10011753526Buy1817690587924719B1.0RMBalongalong_1330842252along_13308422522]|hmac[08f326714f2ab959902edc2b34bec6bf]
2012-03-04 02:52:36|orderid[membe_1330842990]|str[10011753526Buy1817690598223019B1.0RMBmembemembe_1330842990membe_13308429902]|hmac[f11d39945db4a9a63e4903e4d4b85d6e]
2012-03-04 02:54:17|orderid[along_1330842252]|str[10011753526Buy1817690587924719B1.0RMBalongalong_1330842252along_13308422522]|hmac[08f326714f2ab959902edc2b34bec6bf]
2012-03-04 02:54:22|orderid[membe_1330842990]|str[10011753526Buy1817690598223019B1.0RMBmembemembe_1330842990membe_13308429902]|hmac[f11d39945db4a9a63e4903e4d4b85d6e]
2012-03-04 02:56:17|orderid[along_1330842252]|str[10011753526Buy1817690587924719B1.0RMBalongalong_1330842252along_13308422522]|hmac[08f326714f2ab959902edc2b34bec6bf]
2012-03-04 02:56:21|orderid[membe_1330842990]|str[10011753526Buy1817690598223019B1.0RMBmembemembe_1330842990membe_13308429902]|hmac[f11d39945db4a9a63e4903e4d4b85d6e]
2012-03-04 02:56:31|orderid[along_1330842252]|str[10011753526Buy1817690587924719B1.0RMBalongalong_1330842252along_13308422522]|hmac[08f326714f2ab959902edc2b34bec6bf]
2012-03-04 02:58:17|orderid[along_1330842252]|str[10011753526Buy1817690587924719B1.0RMBalongalong_1330842252along_13308422522]|hmac[08f326714f2ab959902edc2b34bec6bf]
2012-03-04 02:58:22|orderid[membe_1330842990]|str[10011753526Buy1817690598223019B1.0RMBmembemembe_1330842990membe_13308429902]|hmac[f11d39945db4a9a63e4903e4d4b85d6e]
2012-03-04 03:00:17|orderid[along_1330842252]|str[10011753526Buy1817690587924719B1.0RMBalongalong_1330842252along_13308422522]|hmac[08f326714f2ab959902edc2b34bec6bf]
2012-03-04 03:00:21|orderid[membe_1330842990]|str[10011753526Buy1817690598223019B1.0RMBmembemembe_1330842990membe_13308429902]|hmac[f11d39945db4a9a63e4903e4d4b85d6e]
2012-03-04 03:00:37|orderid[membe_1330842990]|str[10011753526Buy1817690598223019B1.0RMBmembemembe_1330842990membe_13308429902]|hmac[f11d39945db4a9a63e4903e4d4b85d6e]
2012-03-04 03:01:11|orderid[along_1330842252]|str[10011753526Buy1817690587924719B1.0RMBalongalong_1330842252along_13308422521]|hmac[fd4f5cd13e8a96bd953489683327babf]
2012-03-04 03:02:16|orderid[along_1330842252]|str[10011753526Buy1817690587924719B1.0RMBalongalong_1330842252along_13308422522]|hmac[08f326714f2ab959902edc2b34bec6bf]
2012-03-04 03:02:20|orderid[membe_1330842990]|str[10011753526Buy1817690598223019B1.0RMBmembemembe_1330842990membe_13308429902]|hmac[f11d39945db4a9a63e4903e4d4b85d6e]
2012-03-04 03:04:16|orderid[along_1330842252]|str[10011753526Buy1817690587924719B1.0RMBalongalong_1330842252along_13308422522]|hmac[08f326714f2ab959902edc2b34bec6bf]
2012-03-04 03:04:18|orderid[membe_1330842990]|str[10011753526Buy1817690598223019B1.0RMBmembemembe_1330842990membe_13308429902]|hmac[f11d39945db4a9a63e4903e4d4b85d6e]
2012-03-04 03:06:16|orderid[along_1330842252]|str[10011753526Buy1817690587924719B1.0RMBalongalong_1330842252along_13308422522]|hmac[08f326714f2ab959902edc2b34bec6bf]
2012-03-04 03:06:18|orderid[membe_1330842990]|str[10011753526Buy1817690598223019B1.0RMBmembemembe_1330842990membe_13308429902]|hmac[f11d39945db4a9a63e4903e4d4b85d6e]
2012-03-04 03:08:16|orderid[along_1330842252]|str[10011753526Buy1817690587924719B1.0RMBalongalong_1330842252along_13308422522]|hmac[08f326714f2ab959902edc2b34bec6bf]
2012-03-04 03:08:17|orderid[membe_1330842990]|str[10011753526Buy1817690598223019B1.0RMBmembemembe_1330842990membe_13308429902]|hmac[f11d39945db4a9a63e4903e4d4b85d6e]
2012-03-04 03:10:17|orderid[membe_1330842990]|str[10011753526Buy1817690598223019B1.0RMBmembemembe_1330842990membe_13308429902]|hmac[f11d39945db4a9a63e4903e4d4b85d6e]
2012-03-04 03:10:31|orderid[membe_1330842990]|str[10011753526Buy1817690598223019B1.0RMBmembemembe_1330842990membe_13308429902]|hmac[f11d39945db4a9a63e4903e4d4b85d6e]
2012-03-04 03:12:17|orderid[membe_1330842990]|str[10011753526Buy1817690598223019B1.0RMBmembemembe_1330842990membe_13308429902]|hmac[f11d39945db4a9a63e4903e4d4b85d6e]
2012-03-04 03:12:35|orderid[along_1330842252]|str[10011753526Buy1817690587924719B1.0RMBalongalong_1330842252along_13308422522]|hmac[08f326714f2ab959902edc2b34bec6bf]
2012-03-04 03:14:17|orderid[membe_1330842990]|str[10011753526Buy1817690598223019B1.0RMBmembemembe_1330842990membe_13308429902]|hmac[f11d39945db4a9a63e4903e4d4b85d6e]
2012-03-04 03:16:16|orderid[membe_1330842990]|str[10011753526Buy1817690598223019B1.0RMBmembemembe_1330842990membe_13308429902]|hmac[f11d39945db4a9a63e4903e4d4b85d6e]
2012-03-04 03:18:16|orderid[membe_1330842990]|str[10011753526Buy1817690598223019B1.0RMBmembemembe_1330842990membe_13308429902]|hmac[f11d39945db4a9a63e4903e4d4b85d6e]
2012-03-04 03:20:16|orderid[membe_1330842990]|str[10011753526Buy1817690598223019B1.0RMBmembemembe_1330842990membe_13308429902]|hmac[f11d39945db4a9a63e4903e4d4b85d6e]
2012-03-04 03:22:16|orderid[membe_1330842990]|str[10011753526Buy1817690598223019B1.0RMBmembemembe_1330842990membe_13308429902]|hmac[f11d39945db4a9a63e4903e4d4b85d6e]
2012-03-04 03:24:16|orderid[membe_1330842990]|str[10011753526Buy1817690598223019B1.0RMBmembemembe_1330842990membe_13308429902]|hmac[f11d39945db4a9a63e4903e4d4b85d6e]
2012-03-04 03:28:33|orderid[membe_1330842990]|str[10011753526Buy1817690598223019B1.0RMBmembemembe_1330842990membe_13308429902]|hmac[f11d39945db4a9a63e4903e4d4b85d6e]
2012-03-04 03:42:30|orderid[along_1330842252]|str[10011753526Buy1817690587924719B1.0RMBalongalong_1330842252along_13308422522]|hmac[08f326714f2ab959902edc2b34bec6bf]
2012-03-04 03:46:30|orderid[along_1330842252]|str[10011753526Buy1817690587924719B1.0RMBalongalong_1330842252along_13308422522]|hmac[08f326714f2ab959902edc2b34bec6bf]
2012-03-04 03:46:38|orderid[along_1330842252]|str[10011753526Buy1817690587924719B1.0RMBalongalong_1330842252along_13308422522]|hmac[08f326714f2ab959902edc2b34bec6bf]
2012-03-04 03:48:36|orderid[along_1330842252]|str[10011753526Buy1817690587924719B1.0RMBalongalong_1330842252along_13308422522]|hmac[08f326714f2ab959902edc2b34bec6bf]
2012-03-04 03:50:27|orderid[along_1330842252]|str[10011753526Buy1817690587924719B1.0RMBalongalong_1330842252along_13308422522]|hmac[08f326714f2ab959902edc2b34bec6bf]
2012-03-04 03:52:26|orderid[along_1330842252]|str[10011753526Buy1817690587924719B1.0RMBalongalong_1330842252along_13308422522]|hmac[08f326714f2ab959902edc2b34bec6bf]
2012-03-04 03:54:25|orderid[along_1330842252]|str[10011753526Buy1817690587924719B1.0RMBalongalong_1330842252along_13308422522]|hmac[08f326714f2ab959902edc2b34bec6bf]
2012-03-04 03:56:25|orderid[along_1330842252]|str[10011753526Buy1817690587924719B1.0RMBalongalong_1330842252along_13308422522]|hmac[08f326714f2ab959902edc2b34bec6bf]
2012-03-04 03:56:33|orderid[along_1330842252]|str[10011753526Buy1817690587924719B1.0RMBalongalong_1330842252along_13308422522]|hmac[08f326714f2ab959902edc2b34bec6bf]
2012-03-04 03:58:24|orderid[along_1330842252]|str[10011753526Buy1817690587924719B1.0RMBalongalong_1330842252along_13308422522]|hmac[08f326714f2ab959902edc2b34bec6bf]
2012-03-04 03:58:29|orderid[membe_1330842990]|str[10011753526Buy1817690598223019B1.0RMBmembemembe_1330842990membe_13308429902]|hmac[f11d39945db4a9a63e4903e4d4b85d6e]
2012-03-04 04:00:25|orderid[along_1330842252]|str[10011753526Buy1817690587924719B1.0RMBalongalong_1330842252along_13308422522]|hmac[08f326714f2ab959902edc2b34bec6bf]
2012-03-04 04:00:32|orderid[membe_1330842990]|str[10011753526Buy1817690598223019B1.0RMBmembemembe_1330842990membe_13308429902]|hmac[f11d39945db4a9a63e4903e4d4b85d6e]
2012-03-04 04:00:47|orderid[membe_1330842990]|str[10011753526Buy1817690598223019B1.0RMBmembemembe_1330842990membe_13308429902]|hmac[f11d39945db4a9a63e4903e4d4b85d6e]
2012-03-04 04:02:25|orderid[along_1330842252]|str[10011753526Buy1817690587924719B1.0RMBalongalong_1330842252along_13308422522]|hmac[08f326714f2ab959902edc2b34bec6bf]
2012-03-04 04:02:27|orderid[membe_1330842990]|str[10011753526Buy1817690598223019B1.0RMBmembemembe_1330842990membe_13308429902]|hmac[f11d39945db4a9a63e4903e4d4b85d6e]
2012-03-04 04:04:25|orderid[along_1330842252]|str[10011753526Buy1817690587924719B1.0RMBalongalong_1330842252along_13308422522]|hmac[08f326714f2ab959902edc2b34bec6bf]
2012-03-04 04:04:27|orderid[membe_1330842990]|str[10011753526Buy1817690598223019B1.0RMBmembemembe_1330842990membe_13308429902]|hmac[f11d39945db4a9a63e4903e4d4b85d6e]
2012-03-04 04:06:24|orderid[along_1330842252]|str[10011753526Buy1817690587924719B1.0RMBalongalong_1330842252along_13308422522]|hmac[08f326714f2ab959902edc2b34bec6bf]
2012-03-04 04:06:26|orderid[membe_1330842990]|str[10011753526Buy1817690598223019B1.0RMBmembemembe_1330842990membe_13308429902]|hmac[f11d39945db4a9a63e4903e4d4b85d6e]
2012-03-04 04:08:27|orderid[membe_1330842990]|str[10011753526Buy1817690598223019B1.0RMBmembemembe_1330842990membe_13308429902]|hmac[f11d39945db4a9a63e4903e4d4b85d6e]
2012-03-04 04:10:25|orderid[membe_1330842990]|str[10011753526Buy1817690598223019B1.0RMBmembemembe_1330842990membe_13308429902]|hmac[f11d39945db4a9a63e4903e4d4b85d6e]
2012-03-04 04:10:31|orderid[membe_1330842990]|str[10011753526Buy1817690598223019B1.0RMBmembemembe_1330842990membe_13308429902]|hmac[f11d39945db4a9a63e4903e4d4b85d6e]
2012-03-04 04:12:23|orderid[membe_1330842990]|str[10011753526Buy1817690598223019B1.0RMBmembemembe_1330842990membe_13308429902]|hmac[f11d39945db4a9a63e4903e4d4b85d6e]
2012-03-04 04:14:25|orderid[membe_1330842990]|str[10011753526Buy1817690598223019B1.0RMBmembemembe_1330842990membe_13308429902]|hmac[f11d39945db4a9a63e4903e4d4b85d6e]
2012-03-04 04:16:24|orderid[membe_1330842990]|str[10011753526Buy1817690598223019B1.0RMBmembemembe_1330842990membe_13308429902]|hmac[f11d39945db4a9a63e4903e4d4b85d6e]
2012-03-04 04:18:51|orderid[membe_1330842990]|str[10011753526Buy1817690598223019B1.0RMBmembemembe_1330842990membe_13308429902]|hmac[f11d39945db4a9a63e4903e4d4b85d6e]
2012-03-04 04:20:24|orderid[membe_1330842990]|str[10011753526Buy1817690598223019B1.0RMBmembemembe_1330842990membe_13308429902]|hmac[f11d39945db4a9a63e4903e4d4b85d6e]
2012-03-04 04:22:25|orderid[membe_1330842990]|str[10011753526Buy1817690598223019B1.0RMBmembemembe_1330842990membe_13308429902]|hmac[f11d39945db4a9a63e4903e4d4b85d6e]
2012-03-04 05:27:37|orderid[]|str[Buy10011753526CNYhttp://www.cfstock.cc/member/yeepay/callback.php01]|hmac[bac8c34d34e8e873ee6682538b7d7c42]
2012-03-04 05:44:12|orderid[along_1330853076]|str[Buy10011753526along_1330853076100CNYalongalongalonghttp://www.cfstock.cc/member/yeepay/callback.php0along_1330853076CCB-NET1]|hmac[c7bc11b79d25cca4450890eb7df34df7]
2012-03-04 05:45:14|orderid[along_1330853076]|str[Buy10011753526along_1330853076100CNYalongalongalonghttp://www.cfstock.cc/member/yeepay/callback.php0along_1330853076CCB-NET1]|hmac[c7bc11b79d25cca4450890eb7df34df7]
2012-03-04 05:49:09|orderid[SN54981330854549]|str[Buy10011753526SN54981330854549100CNYalongalongalonghttp://www.cfstock.cc/member/yeepay/callback.php0along_1330853076ABC-NET1]|hmac[86dda22a80a9a9e54b48c720da9552c0]
2012-03-04 05:49:52|orderid[SN85361330854592]|str[Buy10011753526SN85361330854592100CNYalongalongalonghttp://www.cfstock.cc/member/yeepay/callback.php0along_1330853076CCB-NET1]|hmac[422b877d9f7af1e26aadfdbc0cd436bf]
2012-03-04 05:57:47|orderid[SN964313308550677327]|str[Buy10011753526SN9643133085506773271CNYalongalongalonghttp://www.cfstock.cc/member/yeepay/callback.php0along_1330853076CCB-NET1]|hmac[8fd758ae0db17787b8c4bfb54b231918]
2012-03-04 05:58:51|orderid[SN688313308551314969]|str[Buy10011753526SN6883133085513149691CNYalongalongalonghttp://www.cfstock.cc/member/yeepay/callback.php0along_1330855127CCB-NET1]|hmac[203808c6b0b437566e0f4ddcb06785a6]
2012-03-04 05:59:39|orderid[SN688313308551314969]|str[10011753526Buy1868198316362242E1.0RMBalongSN688313308551314969along_13308551271]|hmac[5aee582b735fc3898921284e2313e009]
2012-03-04 06:01:24|orderid[SN688313308551314969]|str[10011753526Buy1868198316362242E1.0RMBalongSN688313308551314969along_13308551272]|hmac[464314bddc6bbc162c1bfa0fa1e2a1e3]
2012-03-04 06:18:46|orderid[SN688313308551314969]|str[10011753526Buy1868198316362242E1.0RMBalongSN688313308551314969along_13308551272]|hmac[464314bddc6bbc162c1bfa0fa1e2a1e3]
2012-03-04 06:23:04|orderid[SN688313308551314969]|str[10011753526Buy1868198316362242E1.0RMBalongSN688313308551314969along_13308551272]|hmac[464314bddc6bbc162c1bfa0fa1e2a1e3]
2012-03-04 06:26:26|orderid[SN688313308551314969]|str[10011753526Buy1868198316362242E1.0RMBalongSN688313308551314969along_13308551272]|hmac[464314bddc6bbc162c1bfa0fa1e2a1e3]
2012-03-04 06:28:24|orderid[SN688313308551314969]|str[10011753526Buy1868198316362242E1.0RMBalongSN688313308551314969along_13308551272]|hmac[464314bddc6bbc162c1bfa0fa1e2a1e3]
2012-03-04 06:30:21|orderid[SN688313308551314969]|str[10011753526Buy1868198316362242E1.0RMBalongSN688313308551314969along_13308551272]|hmac[464314bddc6bbc162c1bfa0fa1e2a1e3]
2012-03-04 06:31:05|orderid[SN688313308551314969]|str[10011753526Buy1868198316362242E1.0RMBalongSN688313308551314969along_13308551272]|hmac[464314bddc6bbc162c1bfa0fa1e2a1e3]
2012-03-04 06:32:19|orderid[SN688313308551314969]|str[10011753526Buy1868198316362242E1.0RMBalongSN688313308551314969along_13308551272]|hmac[464314bddc6bbc162c1bfa0fa1e2a1e3]
2012-03-04 06:34:18|orderid[SN688313308551314969]|str[10011753526Buy1868198316362242E1.0RMBalongSN688313308551314969along_13308551272]|hmac[464314bddc6bbc162c1bfa0fa1e2a1e3]
2012-03-04 06:36:21|orderid[SN688313308551314969]|str[10011753526Buy1868198316362242E1.0RMBalongSN688313308551314969along_13308551272]|hmac[464314bddc6bbc162c1bfa0fa1e2a1e3]
2012-03-04 06:38:18|orderid[SN688313308551314969]|str[10011753526Buy1868198316362242E1.0RMBalongSN688313308551314969along_13308551272]|hmac[464314bddc6bbc162c1bfa0fa1e2a1e3]
2012-03-04 06:40:18|orderid[SN688313308551314969]|str[10011753526Buy1868198316362242E1.0RMBalongSN688313308551314969along_13308551272]|hmac[464314bddc6bbc162c1bfa0fa1e2a1e3]
2012-03-04 06:42:18|orderid[SN688313308551314969]|str[10011753526Buy1868198316362242E1.0RMBalongSN688313308551314969along_13308551272]|hmac[464314bddc6bbc162c1bfa0fa1e2a1e3]
2012-03-04 06:42:37|orderid[SN688313308551314969]|str[10011753526Buy1868198316362242E1.0RMBalongSN688313308551314969along_13308551272]|hmac[464314bddc6bbc162c1bfa0fa1e2a1e3]
2012-03-04 06:44:18|orderid[SN688313308551314969]|str[10011753526Buy1868198316362242E1.0RMBalongSN688313308551314969along_13308551272]|hmac[464314bddc6bbc162c1bfa0fa1e2a1e3]
2012-03-04 06:46:17|orderid[SN688313308551314969]|str[10011753526Buy1868198316362242E1.0RMBalongSN688313308551314969along_13308551272]|hmac[464314bddc6bbc162c1bfa0fa1e2a1e3]
2012-03-04 06:48:17|orderid[SN688313308551314969]|str[10011753526Buy1868198316362242E1.0RMBalongSN688313308551314969along_13308551272]|hmac[464314bddc6bbc162c1bfa0fa1e2a1e3]
2012-03-04 06:50:17|orderid[SN688313308551314969]|str[10011753526Buy1868198316362242E1.0RMBalongSN688313308551314969along_13308551272]|hmac[464314bddc6bbc162c1bfa0fa1e2a1e3]
2012-03-04 06:52:17|orderid[SN688313308551314969]|str[10011753526Buy1868198316362242E1.0RMBalongSN688313308551314969along_13308551272]|hmac[464314bddc6bbc162c1bfa0fa1e2a1e3]
2012-03-04 06:54:16|orderid[SN688313308551314969]|str[10011753526Buy1868198316362242E1.0RMBalongSN688313308551314969along_13308551272]|hmac[464314bddc6bbc162c1bfa0fa1e2a1e3]
2012-03-04 06:56:16|orderid[SN688313308551314969]|str[10011753526Buy1868198316362242E1.0RMBalongSN688313308551314969along_13308551272]|hmac[464314bddc6bbc162c1bfa0fa1e2a1e3]
2012-03-04 07:00:43|orderid[SN688313308551314969]|str[10011753526Buy1868198316362242E1.0RMBalongSN688313308551314969along_13308551272]|hmac[464314bddc6bbc162c1bfa0fa1e2a1e3]
2012-03-04 07:30:38|orderid[SN688313308551314969]|str[10011753526Buy1868198316362242E1.0RMBalongSN688313308551314969along_13308551272]|hmac[464314bddc6bbc162c1bfa0fa1e2a1e3]
2012-03-04 07:31:07|orderid[SN688313308551314969]|str[10011753526Buy1868198316362242E1.0RMBalongSN688313308551314969along_13308551272]|hmac[464314bddc6bbc162c1bfa0fa1e2a1e3]
2012-03-04 07:32:37|orderid[SN688313308551314969]|str[10011753526Buy1868198316362242E1.0RMBalongSN688313308551314969along_13308551272]|hmac[464314bddc6bbc162c1bfa0fa1e2a1e3]
2012-03-04 07:34:36|orderid[SN688313308551314969]|str[10011753526Buy1868198316362242E1.0RMBalongSN688313308551314969along_13308551272]|hmac[464314bddc6bbc162c1bfa0fa1e2a1e3]
2012-03-04 07:36:39|orderid[SN688313308551314969]|str[10011753526Buy1868198316362242E1.0RMBalongSN688313308551314969along_13308551272]|hmac[464314bddc6bbc162c1bfa0fa1e2a1e3]
2012-03-04 07:38:34|orderid[SN688313308551314969]|str[10011753526Buy1868198316362242E1.0RMBalongSN688313308551314969along_13308551272]|hmac[464314bddc6bbc162c1bfa0fa1e2a1e3]
2012-03-04 07:40:33|orderid[SN688313308551314969]|str[10011753526Buy1868198316362242E1.0RMBalongSN688313308551314969along_13308551272]|hmac[464314bddc6bbc162c1bfa0fa1e2a1e3]
2012-03-04 07:42:33|orderid[SN688313308551314969]|str[10011753526Buy1868198316362242E1.0RMBalongSN688313308551314969along_13308551272]|hmac[464314bddc6bbc162c1bfa0fa1e2a1e3]
2012-03-04 07:42:46|orderid[SN688313308551314969]|str[10011753526Buy1868198316362242E1.0RMBalongSN688313308551314969along_13308551272]|hmac[464314bddc6bbc162c1bfa0fa1e2a1e3]
2012-03-04 07:44:31|orderid[SN688313308551314969]|str[10011753526Buy1868198316362242E1.0RMBalongSN688313308551314969along_13308551272]|hmac[464314bddc6bbc162c1bfa0fa1e2a1e3]
2012-03-04 07:46:32|orderid[SN688313308551314969]|str[10011753526Buy1868198316362242E1.0RMBalongSN688313308551314969along_13308551272]|hmac[464314bddc6bbc162c1bfa0fa1e2a1e3]
2012-03-04 07:48:53|orderid[SN688313308551314969]|str[10011753526Buy1868198316362242E1.0RMBalongSN688313308551314969along_13308551272]|hmac[464314bddc6bbc162c1bfa0fa1e2a1e3]
2012-03-04 07:50:30|orderid[SN688313308551314969]|str[10011753526Buy1868198316362242E1.0RMBalongSN688313308551314969along_13308551272]|hmac[464314bddc6bbc162c1bfa0fa1e2a1e3]
2012-03-04 07:52:28|orderid[SN688313308551314969]|str[10011753526Buy1868198316362242E1.0RMBalongSN688313308551314969along_13308551272]|hmac[464314bddc6bbc162c1bfa0fa1e2a1e3]
2012-03-04 07:54:26|orderid[SN688313308551314969]|str[10011753526Buy1868198316362242E1.0RMBalongSN688313308551314969along_13308551272]|hmac[464314bddc6bbc162c1bfa0fa1e2a1e3]
2012-03-04 08:48:50|orderid[SN351213308653302295]|str[Buy10011753526SN3512133086533022951CNYalong12along12along12http://www.cfstock.cc/member/yeepay/callback.php0along12_1330865292CCB-NET1]|hmac[879f50c94eb4df9b3a6f359d09ee1074]
2012-03-04 08:49:46|orderid[SN351213308653302295]|str[10011753526Buy1314262295910611I1.0RMBalong12SN351213308653302295along12_13308652921]|hmac[bb18f079e650dba26bd0c2fee54acefb]
2012-03-04 08:51:33|orderid[SN351213308653302295]|str[10011753526Buy1314262295910611I1.0RMBalong12SN351213308653302295along12_13308652922]|hmac[9263742641236ccc1820e5c5d208b41d]
2012-03-04 09:18:28|orderid[SN351213308653302295]|str[10011753526Buy1314262295910611I1.0RMBalong12SN351213308653302295along12_13308652922]|hmac[9263742641236ccc1820e5c5d208b41d]
2012-03-04 09:22:24|orderid[SN351213308653302295]|str[10011753526Buy1314262295910611I1.0RMBalong12SN351213308653302295along12_13308652922]|hmac[9263742641236ccc1820e5c5d208b41d]
2012-03-04 09:22:33|orderid[SN351213308653302295]|str[10011753526Buy1314262295910611I1.0RMBalong12SN351213308653302295along12_13308652922]|hmac[9263742641236ccc1820e5c5d208b41d]
2012-03-04 09:24:23|orderid[SN351213308653302295]|str[10011753526Buy1314262295910611I1.0RMBalong12SN351213308653302295along12_13308652922]|hmac[9263742641236ccc1820e5c5d208b41d]
2012-03-04 09:26:22|orderid[SN351213308653302295]|str[10011753526Buy1314262295910611I1.0RMBalong12SN351213308653302295along12_13308652922]|hmac[9263742641236ccc1820e5c5d208b41d]
2012-03-04 09:28:21|orderid[SN351213308653302295]|str[10011753526Buy1314262295910611I1.0RMBalong12SN351213308653302295along12_13308652922]|hmac[9263742641236ccc1820e5c5d208b41d]
2012-03-04 09:30:22|orderid[SN351213308653302295]|str[10011753526Buy1314262295910611I1.0RMBalong12SN351213308653302295along12_13308652922]|hmac[9263742641236ccc1820e5c5d208b41d]
2012-03-04 09:30:36|orderid[SN351213308653302295]|str[10011753526Buy1314262295910611I1.0RMBalong12SN351213308653302295along12_13308652922]|hmac[9263742641236ccc1820e5c5d208b41d]
2012-03-04 09:32:20|orderid[SN351213308653302295]|str[10011753526Buy1314262295910611I1.0RMBalong12SN351213308653302295along12_13308652922]|hmac[9263742641236ccc1820e5c5d208b41d]
2012-03-04 09:34:18|orderid[SN351213308653302295]|str[10011753526Buy1314262295910611I1.0RMBalong12SN351213308653302295along12_13308652922]|hmac[9263742641236ccc1820e5c5d208b41d]
2012-03-04 09:36:17|orderid[SN351213308653302295]|str[10011753526Buy1314262295910611I1.0RMBalong12SN351213308653302295along12_13308652922]|hmac[9263742641236ccc1820e5c5d208b41d]
2012-03-04 09:38:17|orderid[SN351213308653302295]|str[10011753526Buy1314262295910611I1.0RMBalong12SN351213308653302295along12_13308652922]|hmac[9263742641236ccc1820e5c5d208b41d]
2012-03-04 09:38:40|orderid[SN351213308653302295]|str[10011753526Buy1314262295910611I1.0RMBalong12SN351213308653302295along12_13308652922]|hmac[9263742641236ccc1820e5c5d208b41d]
2012-03-04 09:40:17|orderid[SN351213308653302295]|str[10011753526Buy1314262295910611I1.0RMBalong12SN351213308653302295along12_13308652922]|hmac[9263742641236ccc1820e5c5d208b41d]
2012-03-04 09:42:17|orderid[SN351213308653302295]|str[10011753526Buy1314262295910611I1.0RMBalong12SN351213308653302295along12_13308652922]|hmac[9263742641236ccc1820e5c5d208b41d]
2012-03-04 09:44:17|orderid[SN351213308653302295]|str[10011753526Buy1314262295910611I1.0RMBalong12SN351213308653302295along12_13308652922]|hmac[9263742641236ccc1820e5c5d208b41d]
2012-03-04 09:46:16|orderid[SN351213308653302295]|str[10011753526Buy1314262295910611I1.0RMBalong12SN351213308653302295along12_13308652922]|hmac[9263742641236ccc1820e5c5d208b41d]
2012-03-04 09:48:17|orderid[SN351213308653302295]|str[10011753526Buy1314262295910611I1.0RMBalong12SN351213308653302295along12_13308652922]|hmac[9263742641236ccc1820e5c5d208b41d]
2012-03-04 09:50:16|orderid[SN351213308653302295]|str[10011753526Buy1314262295910611I1.0RMBalong12SN351213308653302295along12_13308652922]|hmac[9263742641236ccc1820e5c5d208b41d]
2012-03-04 09:52:16|orderid[SN351213308653302295]|str[10011753526Buy1314262295910611I1.0RMBalong12SN351213308653302295along12_13308652922]|hmac[9263742641236ccc1820e5c5d208b41d]
2012-03-04 09:56:36|orderid[SN351213308653302295]|str[10011753526Buy1314262295910611I1.0RMBalong12SN351213308653302295along12_13308652922]|hmac[9263742641236ccc1820e5c5d208b41d]
2012-03-04 10:26:31|orderid[SN351213308653302295]|str[10011753526Buy1314262295910611I1.0RMBalong12SN351213308653302295along12_13308652922]|hmac[9263742641236ccc1820e5c5d208b41d]
2012-03-04 10:28:34|orderid[SN351213308653302295]|str[10011753526Buy1314262295910611I1.0RMBalong12SN351213308653302295along12_13308652922]|hmac[9263742641236ccc1820e5c5d208b41d]
2012-03-04 10:30:31|orderid[SN351213308653302295]|str[10011753526Buy1314262295910611I1.0RMBalong12SN351213308653302295along12_13308652922]|hmac[9263742641236ccc1820e5c5d208b41d]
2012-03-04 10:30:38|orderid[SN351213308653302295]|str[10011753526Buy1314262295910611I1.0RMBalong12SN351213308653302295along12_13308652922]|hmac[9263742641236ccc1820e5c5d208b41d]
2012-03-04 10:32:27|orderid[SN351213308653302295]|str[10011753526Buy1314262295910611I1.0RMBalong12SN351213308653302295along12_13308652922]|hmac[9263742641236ccc1820e5c5d208b41d]
2012-03-04 10:34:26|orderid[SN351213308653302295]|str[10011753526Buy1314262295910611I1.0RMBalong12SN351213308653302295along12_13308652922]|hmac[9263742641236ccc1820e5c5d208b41d]
2012-03-04 10:36:27|orderid[SN351213308653302295]|str[10011753526Buy1314262295910611I1.0RMBalong12SN351213308653302295along12_13308652922]|hmac[9263742641236ccc1820e5c5d208b41d]
2012-03-04 10:38:27|orderid[SN351213308653302295]|str[10011753526Buy1314262295910611I1.0RMBalong12SN351213308653302295along12_13308652922]|hmac[9263742641236ccc1820e5c5d208b41d]
2012-03-04 10:38:40|orderid[SN351213308653302295]|str[10011753526Buy1314262295910611I1.0RMBalong12SN351213308653302295along12_13308652922]|hmac[9263742641236ccc1820e5c5d208b41d]
2012-03-04 10:40:28|orderid[SN351213308653302295]|str[10011753526Buy1314262295910611I1.0RMBalong12SN351213308653302295along12_13308652922]|hmac[9263742641236ccc1820e5c5d208b41d]
2012-03-04 10:42:28|orderid[SN351213308653302295]|str[10011753526Buy1314262295910611I1.0RMBalong12SN351213308653302295along12_13308652922]|hmac[9263742641236ccc1820e5c5d208b41d]
2012-03-04 10:44:27|orderid[SN351213308653302295]|str[10011753526Buy1314262295910611I1.0RMBalong12SN351213308653302295along12_13308652922]|hmac[9263742641236ccc1820e5c5d208b41d]
2012-03-04 10:46:28|orderid[SN351213308653302295]|str[10011753526Buy1314262295910611I1.0RMBalong12SN351213308653302295along12_13308652922]|hmac[9263742641236ccc1820e5c5d208b41d]
2012-03-04 10:48:49|orderid[SN351213308653302295]|str[10011753526Buy1314262295910611I1.0RMBalong12SN351213308653302295along12_13308652922]|hmac[9263742641236ccc1820e5c5d208b41d]
2012-03-04 10:50:28|orderid[SN351213308653302295]|str[10011753526Buy1314262295910611I1.0RMBalong12SN351213308653302295along12_13308652922]|hmac[9263742641236ccc1820e5c5d208b41d]
2012-03-05 05:33:43|orderid[SN666213309400232947]|str[Buy10011753526SN66621330940023294710000CNYbbmmbbmmbbmmhttp://www.cfstock.cc/member/yeepay/callback.php0bbmm_1330940006NBCB-NET1]|hmac[01421bb1a66e2b45749f6c786611593a]
2012-03-05 05:35:31|orderid[SN103113309401313022]|str[Buy10011753526SN10311330940131302210000CNYbbmmbbmmbbmmhttp://www.cfstock.cc/member/yeepay/callback.php0bbmm_1330940006HKBEA-NET1]|hmac[0ca532df8ef291c3da78609859b5e271]
2012-03-05 05:36:11|orderid[SN990413309401712409]|str[Buy10011753526SN99041330940171240910000CNYbbmmbbmmbbmmhttp://www.cfstock.cc/member/yeepay/callback.php0bbmm_1330940006CBHB-NET1]|hmac[b7340f8bad71b1db6be1d1e21a0f7491]
2012-03-05 05:36:38|orderid[SN435713309401983378]|str[Buy10011753526SN43571330940198337810000CNYbbmmbbmmbbmmhttp://www.cfstock.cc/member/yeepay/callback.php0bbmm_1330940006SHB-NET1]|hmac[38c316b46583891ebc08ff6708a9a638]
2012-03-05 05:37:02|orderid[SN435613309402228321]|str[Buy10011753526SN43561330940222832110000CNYbbmmbbmmbbmmhttp://www.cfstock.cc/member/yeepay/callback.php0bbmm_1330940006POST-NET1]|hmac[89437924e86d88c86aa661017e458a0d]
2012-03-05 05:37:18|orderid[SN427413309402386541]|str[Buy10011753526SN42741330940238654110000CNYbbmmbbmmbbmmhttp://www.cfstock.cc/member/yeepay/callback.php0bbmm_1330940006BCCB-NET1]|hmac[f2cff7a7059e095e6295ad8ed9dcd8bb]
2012-03-05 07:08:57|orderid[SN190113309457375393]|str[Buy10011753526SN1901133094573753931111CNYalong00along00along00http://www.cfstock.cc/member/yeepay/callback.php0along00_1330945732ICBC-NET1]|hmac[5485b71b8920b7cc48cece0ba21f4b40]
2012-03-06 21:38:16|orderid[SN617713310842964700]|str[Buy10011753526SN617713310842964700300000CNYqq11qqqq11qqqq11qqhttp://www.cfstock.cc/member/yeepay/callback.php0qq11qq_1331084288ICBC-NET1]|hmac[59e8cea71fc8a6c5b10ff5d3cc0f3eca]
2013-04-29 07:14:38|orderid[12456]|str[QueryOrdDetail12456]|hmac[a16be53b3d6126090522dce78cd810d5]
2013-04-29 07:14:58|orderid[]|str[]|hmac[74e6f7298a9c2d168935f58c001bad88]