
2018-03-07 13:08:43|orderid[432136699-u222a]|str[Buy1067432136699-u222a1CNYpaybakpaybakpaybakhttp://www.yujtkd.top/abk/callback.php0paybak1]|hmac[07f867768544410768284405ee5860d2]
2018-03-07 13:09:51|orderid[211266094-u222a]|str[Buy1607211266094-u222a1CNYpaybakpaybakpaybakhttp://www.yujtkd.top/abk/callback.php0paybak1]|hmac[a0ce4b0daebba084580ff2caa7e995bd]
2018-03-07 13:10:55|orderid[954279513-]|str[Buy1607954279513-CNYpaybakpaybakpaybakhttp://www.yujtkd.top/abk/callback.php0paybak1]|hmac[943b088840d0fbcaf1c381a4ea409d83]
2018-03-07 13:11:30|orderid[184212253-]|str[Buy1607184212253-CNYpaybakpaybakpaybakhttp://www.yujtkd.top/abk/callback.php0paybak1]|hmac[e7564b4e0b36132f97837b129d4073bc]
2018-03-07 13:11:41|orderid[620054199-]|str[Buy1607620054199-CNYpaybakpaybakpaybakhttp://www.yujtkd.top/abk/callback.php0paybak1]|hmac[63321e982b055b43b804ae4bf7efcb6d]
2018-03-07 13:12:43|orderid[147265722-u222a]|str[Buy1607147265722-u222a1CNYpaybakpaybakpaybakhttp://www.yujtkd.top/abk/callback.php0paybak1]|hmac[af4f1e61573a7adc151bd3c239cb967c]
2018-03-07 13:12:56|orderid[565199678-u222a]|str[Buy1607565199678-u222a1CNYpaybakpaybakpaybakhttp://www.yujtkd.top/abk/callback.php0paybakICBC1]|hmac[ba37324eaf49f34c6b11361c8e509522]
2018-03-07 13:18:37|orderid[248552819-u222a]|str[Buy1607248552819-u222a12CNYpaybakpaybakpaybakhttp://www.yujtkd.top/abk/callback.php0paybakICBC1]|hmac[1e93b6cc3739ab9c5f9a2d03d6eb31ba]
2018-03-07 14:06:31|orderid[195864423-u222a]|str[Buy1607195864423-u222a2CNYpaybakpaybakpaybakhttp://www.yujtkd.top/abk/callback.php0u222aICBC1]|hmac[14f65b3a25741ccf740266f2c9bb4dd6]
2018-03-07 14:06:38|orderid[370989611-u222a]|str[Buy1607370989611-u222a2CNYpaybakpaybakpaybakhttp://www.yujtkd.top/abk/callback.php0u222aBCCB1]|hmac[98c59e46bd715d5bbf9a502b08ae9d1a]
2018-03-07 14:14:05|orderid[342201402-u222a]|str[Buy1607342201402-u222a1CNYpaybakpaybakpaybakhttp://www.yujtkd.top/abk/callback.php0u222aICBC1]|hmac[730c3967fb4ea9a70a888f1bcbef99d5]
2018-03-07 14:21:56|orderid[966717767-u203099]|str[Buy1607966717767-u2030992CNYpaybakpaybakpaybakhttp://yujtkd.top/abk/callback.php0u203099ICBC1]|hmac[d90dbd84b0f5ee21ac250d1a3fa397a7]
2018-03-07 14:23:46|orderid[985530918-u203099]|str[Buy1607985530918-u2030991CNYpaybakpaybakpaybakhttp://yujtkd.top/abk/callback.php0u203099CCB1]|hmac[59c09ebc12f3bef03eb7375efa9f322a]
2018-03-07 14:24:10|orderid[945515598-u203099]|str[Buy1607945515598-u2030991CNYpaybakpaybakpaybakhttp://yujtkd.top/abk/callback.php0u203099ECITIC1]|hmac[5775327fc40244548d4b7d1614f6c570]
2018-03-07 14:24:31|orderid[465308182-u203099]|str[Buy1607465308182-u2030991CNYpaybakpaybakpaybakhttp://yujtkd.top/abk/callback.php0u203099ICBC1]|hmac[f21bcff331a282b502d40cc4c09fe512]
2018-03-07 14:27:54|orderid[832401629-u203099]|str[Buy1607832401629-u2030991CNYpaybakpaybakpaybakhttp://yujtkd.top/abk/callback.php0u203099ICBC1]|hmac[91579fd6c5e060c16f9d27380b8e28df]
2018-03-07 14:27:57|orderid[794545506-u222a]|str[Buy1607794545506-u222a22CNYpaybakpaybakpaybakhttp://yujtkd.top/abk/callback.php0u222aICBC1]|hmac[a652288f001826db8aeffd6420157b28]
2018-03-07 14:29:25|orderid[333976879-uwang123]|str[Buy1607333976879-uwang1231CNYpaybakpaybakpaybakhttp://yujtkd.top/abk/callback.php0uwang123ICBC1]|hmac[967c25da08e68b1146c03b45241bb919]
2018-03-07 14:29:57|orderid[370151171-uwang123]|str[Buy1607370151171-uwang1231CNYpaybakpaybakpaybakhttp://yujtkd.top/abk/callback.php0uwang123CCB1]|hmac[b2d154ea33dde8212fc4aa500a391f41]
2018-03-07 14:30:02|orderid[490916000-uwang123]|str[Buy1607490916000-uwang1231CNYpaybakpaybakpaybakhttp://yujtkd.top/abk/callback.php0uwang123ICBC1]|hmac[adc6ec4a4f557e40bc3ac08a28e0b896]
2018-03-07 14:30:31|orderid[406228285-uwang123]|str[Buy1607406228285-uwang1231CNYpaybakpaybakpaybakhttp://yujtkd.top/abk/callback.php0uwang123ICBC1]|hmac[1f5e7eb2ec1517b604eac9ad64122f0b]
2018-03-07 14:30:38|orderid[574460333-]|str[Buy1607574460333-CNYpaybakpaybakpaybakhttp://yujtkd.top/abk/callback.php01]|hmac[49d4a3f9b33ee97e3310dc0074dec0b1]
2018-03-07 14:31:03|orderid[457398296-]|str[Buy1607457398296-CNYpaybakpaybakpaybakhttp://yujtkd.top/abk/callback.php01]|hmac[cd82ce25bca3034752bdfa09daf44d8b]
2018-03-07 14:34:42|orderid[280706258-U203096]|str[Buy1607280706258-U2030961CNYpaybakpaybakpaybakhttp://yujtkd.top/abk/callback.php0U203096ICBC1]|hmac[b01eecb387b668966859b11a8cc66e1f]
2018-03-07 14:36:08|orderid[598880481-u203099]|str[Buy1607598880481-u2030991CNYpaybakpaybakpaybakhttp://yujtkd.top/abk/callback.php0u203099ICBC1]|hmac[2059194aa24cbee45b7b67ab2b349da3]
2018-03-07 14:45:32|orderid[814837170-ushi070]|str[Buy1607814837170-ushi07080000CNYpaybakpaybakpaybakhttp://yujtkd.top/abk/callback.php0ushi070ECITIC1]|hmac[b3c40cda7af3f930859c83a691331a3a]
2018-03-07 15:43:07|orderid[755464350-ushi070]|str[Buy1607755464350-ushi07080000CNYpaybakpaybakpaybakhttp://yujtkd.top/abk/callback.php0ushi070ECITIC1]|hmac[9caee1f7987e4fac9053947c0b8c0705]
2018-03-07 15:46:02|orderid[660622163-ushi070]|str[Buy1607660622163-ushi07080000CNYpaybakpaybakpaybakhttp://yujtkd.top/abk/callback.php0ushi070ECITIC1]|hmac[f395d04fdad1d4bdc44ee759d67012b1]
2018-03-07 15:50:57|orderid[215516329-ushi070]|str[Buy1607215516329-ushi07050000CNYpaybakpaybakpaybakhttp://yujtkd.top/abk/callback.php0ushi070ECITIC1]|hmac[fceeae9a99adc5cccd45211a3a79b9bb]
2018-03-07 15:52:36|orderid[215516329-ushi070]|str[1607Buy120180307155057394150000.00RMBpaybak215516329-ushi070ushi0702]|hmac[fb40c25ab03b5092b1b623ff2176763f]
2018-03-07 15:53:43|orderid[725401970-ushi070]|str[Buy1607725401970-ushi07030000CNYpaybakpaybakpaybakhttp://yujtkd.top/abk/callback.php0ushi070BOC1]|hmac[5fa44c10c9adb30263c49bad022be579]
2018-03-07 15:54:44|orderid[215516329-ushi070]|str[1607Buy120180307155057394150000.00RMBpaybak215516329-ushi070ushi0702]|hmac[fb40c25ab03b5092b1b623ff2176763f]
2018-03-07 15:54:45|orderid[452464057-ushi070]|str[Buy1607452464057-ushi07030000CNYpaybakpaybakpaybakhttp://yujtkd.top/abk/callback.php0ushi070ECITIC1]|hmac[0d3963dfb9564b060b5b452ae4284cd6]
2018-03-08 09:01:59|orderid[974170348-ushi070]|str[Buy1607974170348-ushi07030000CNYpaybakpaybakpaybakhttp://yujtkd.top/abk/callback.php0ushi070ECITIC1]|hmac[100d31abcbb431c94cbf31f807e466ec]
2018-03-08 09:04:40|orderid[974170348-ushi070]|str[1607Buy120180308090158489330000.00RMBpaybak974170348-ushi070ushi0702]|hmac[087f70ad22d27013043028a37af18966]
2018-03-08 09:06:34|orderid[974170348-ushi070]|str[1607Buy120180308090158489330000.00RMBpaybak974170348-ushi070ushi0702]|hmac[087f70ad22d27013043028a37af18966]
2018-03-12 09:00:26|orderid[319136194-ushi070]|str[Buy1607319136194-ushi07017000CNYpaybakpaybakpaybakhttp://yujtkd.top/abk/callback.php0ushi070ECITIC1]|hmac[bbe9bac22a40ed64436577532e031836]
2018-03-12 09:16:51|orderid[319136194-ushi070]|str[1607Buy120180312090022016817000.00RMBpaybak319136194-ushi070ushi0702]|hmac[fee06de0890035829af45807e649ff05]
2018-03-12 09:18:25|orderid[319136194-ushi070]|str[1607Buy120180312090022016817000.00RMBpaybak319136194-ushi070ushi0702]|hmac[fee06de0890035829af45807e649ff05]
2018-03-12 09:24:31|orderid[888983153-ushi070]|str[Buy1607888983153-ushi0701CNYpaybakpaybakpaybakhttp://yujtkd.top/abk/callback.php0ushi070ECITIC1]|hmac[2ddd9c5f0d914903d2f719ccd581b76d]
2018-03-12 11:04:26|orderid[481017283-USUI089]|str[Buy1607481017283-USUI08920000CNYpaybakpaybakpaybakhttp://yujtkd.top/abk/callback.php0USUI089ABC1]|hmac[5c3d002a807165435277c32e4bc250e3]
2018-03-12 13:10:24|orderid[283502258-uq6688]|str[Buy1607283502258-uq668850000CNYpaybakpaybakpaybakhttp://yujtkd.top/abk/callback.php0uq6688BOC1]|hmac[5ccdd0291dc395629065f5233eb7a3df]
2018-03-12 13:11:24|orderid[925098920-]|str[Buy1607925098920-CNYpaybakpaybakpaybakhttp://yujtkd.top/abk/callback.php01]|hmac[636a14b6cb84ddad01a5ae088a962656]
2018-03-12 13:11:35|orderid[847667384-uq6688]|str[Buy1607847667384-uq6688123456CNYpaybakpaybakpaybakhttp://yujtkd.top/abk/callback.php0uq6688BOC1]|hmac[666f0c78910aff951f6ace0198fe2ecd]
2018-03-12 13:12:01|orderid[237991654-uq6688]|str[Buy1607237991654-uq668850000CNYpaybakpaybakpaybakhttp://yujtkd.top/abk/callback.php0uq6688BOC1]|hmac[5d93c2e001ebf6a8bb425277b629d7a0]
2018-03-13 00:51:28|orderid[756372386-udddddd]|str[Buy1607756372386-udddddd100CNYpaybakpaybakpaybakhttp://yujtkd.top/abk/callback.php0uddddddICBC1]|hmac[2a9bd12912bcaf182828ce0946b631b4]
2018-03-15 09:16:33|orderid[149975112-ushi068]|str[Buy1607149975112-ushi068180000CNYpaybakpaybakpaybakhttp://yujtkd.top/abk/callback.php0ushi068BOC1]|hmac[02148a6ae1854deacd558f613a7d8c50]
2018-03-15 09:17:12|orderid[429280437-ushi068]|str[Buy1607429280437-ushi068100000CNYpaybakpaybakpaybakhttp://yujtkd.top/abk/callback.php0ushi068BOC1]|hmac[ae29aa646400e2af8ba3963068c24802]
2018-03-15 09:17:44|orderid[883658329-ushi068]|str[Buy1607883658329-ushi06850000CNYpaybakpaybakpaybakhttp://yujtkd.top/abk/callback.php0ushi068BOC1]|hmac[329005c906653cb28b14c194533996c4]
2018-03-15 09:23:25|orderid[548422854-ushi068]|str[Buy1607548422854-ushi06850000CNYpaybakpaybakpaybakhttp://yujtkd.top/abk/callback.php0ushi068BOC1]|hmac[a681db1cac80adaec73e9ff1b7421212]
2018-03-15 09:27:15|orderid[783747051-u203099]|str[Buy1607783747051-u2030991CNYpaybakpaybakpaybakhttp://yujtkd.top/abk/callback.php0u203099BOC1]|hmac[fe262e3e7edbaa97e19b1937079051a1]
2018-03-15 09:28:47|orderid[619501589-u203099]|str[Buy1607619501589-u2030991CNYpaybakpaybakpaybakhttp://yujtkd.top/abk/callback.php0u203099BOC1]|hmac[438d3e64ed74dca1108cdf55f3b03ca1]
2018-03-15 09:29:56|orderid[827004094-u2030]|str[Buy1607827004094-u20302CNYpaybakpaybakpaybakhttp://yujtkd.top/abk/callback.php0u2030ICBC1]|hmac[2fcd9b1da162d6baecd9dc73c3897835]
2018-03-15 09:30:47|orderid[770882928-u203099]|str[Buy1607770882928-u2030992CNYpaybakpaybakpaybakhttp://yujtkd.top/abk/callback.php0u203099BOC1]|hmac[3a8641905f70f6b5ba41e0443599daec]
2018-03-15 10:02:20|orderid[720446921-uwang123]|str[Buy1607720446921-uwang1231CNYpaybakpaybakpaybakhttp://yujtkd.top/abk/callback.php0uwang123ICBC1]|hmac[03416fe20f5c55c136c1d5f0342591d2]
2018-03-15 16:32:49|orderid[956811000-ushi068]|str[Buy1607956811000-ushi06850000CNYpaybakpaybakpaybakhttp://yujtkd.top/abk/callback.php0ushi068BOC1]|hmac[97353aa9090545dc0285a18acc3c3c0a]
2018-03-15 16:35:16|orderid[609640133-ushi068]|str[Buy1607609640133-ushi06850000CNYpaybakpaybakpaybakhttp://yujtkd.top/abk/callback.php0ushi068BOC1]|hmac[a29e34fa68ced1bb187ba99217c403aa]
2018-03-15 16:35:55|orderid[996392174-ushi068]|str[Buy1607996392174-ushi06850000CNYpaybakpaybakpaybakhttp://yujtkd.top/abk/callback.php0ushi068BOC1]|hmac[02863a413f81ab49e6fbcf0937c37ffa]
2018-03-15 16:39:14|orderid[840176233-ushi068]|str[Buy1607840176233-ushi06850000CNYpaybakpaybakpaybakhttp://yujtkd.top/abk/callback.php0ushi068BOC1]|hmac[cb648c4ca73b75879f6db65df75c1f70]
2018-03-15 16:50:05|orderid[800687897-ushi068]|str[Buy1607800687897-ushi06820000CNYpaybakpaybakpaybakhttp://yujtkd.top/abk/callback.php0ushi068BOC1]|hmac[9f054bb220a1d661ac690ec5ee56b062]
2018-03-15 16:54:05|orderid[416666087-ushi068]|str[Buy1607416666087-ushi06850000CNYpaybakpaybakpaybakhttp://yujtkd.top/abk/callback.php0ushi068BOC1]|hmac[019a631b9d782f3e0356c69ff3e6062b]
2018-03-15 17:04:53|orderid[833745663-ushi068]|str[Buy1607833745663-ushi06850000CNYpaybakpaybakpaybakhttp://yujtkd.top/abk/callback.php0ushi068BOC1]|hmac[0af18374afe2deb217f4cafe0c311013]
2018-03-15 17:17:13|orderid[165851956-ushi068]|str[Buy1607165851956-ushi06850000CNYpaybakpaybakpaybakhttp://yujtkd.top/abk/callback.php0ushi068BOC1]|hmac[5fc99888312aec152d3347d3ab5b631b]
2018-03-15 17:20:30|orderid[165851956-ushi068]|str[1607Buy120180315171706147450000.00RMBpaybak165851956-ushi068ushi0682]|hmac[a4831c91a5daf473980cafe5e2cebd1e]
2018-03-15 17:20:51|orderid[165851956-ushi068]|str[1607Buy120180315171706147450000.00RMBpaybak165851956-ushi068ushi0681]|hmac[72c52de3f7217034fba1524d831e3e2b]
2018-03-15 17:22:35|orderid[165851956-ushi068]|str[1607Buy120180315171706147450000.00RMBpaybak165851956-ushi068ushi0682]|hmac[a4831c91a5daf473980cafe5e2cebd1e]
2018-03-15 17:22:37|orderid[989601748-ushi068]|str[Buy1607989601748-ushi06850000CNYpaybakpaybakpaybakhttp://yujtkd.top/abk/callback.php0ushi068BOC1]|hmac[9eef00aadd6006f39ae8d1d6f29f65ca]
2018-03-15 17:24:21|orderid[989601748-ushi068]|str[1607Buy120180315172230653350000.00RMBpaybak989601748-ushi068ushi0682]|hmac[8f19de5e22a9fd54375e280b131c670c]
2018-03-15 17:24:29|orderid[989601748-ushi068]|str[1607Buy120180315172230653350000.00RMBpaybak989601748-ushi068ushi0681]|hmac[ef6246c0d22a51f4b73bd4d647830b00]
2018-03-15 17:24:52|orderid[967785673-ushi068]|str[Buy1607967785673-ushi06850000CNYpaybakpaybakpaybakhttp://yujtkd.top/abk/callback.php0ushi068BOC1]|hmac[6534d911dda06014dc1474a7192b6ab8]
2018-03-15 17:26:22|orderid[989601748-ushi068]|str[1607Buy120180315172230653350000.00RMBpaybak989601748-ushi068ushi0682]|hmac[8f19de5e22a9fd54375e280b131c670c]
2018-03-15 17:26:51|orderid[967785673-ushi068]|str[1607Buy120180315172445779550000.00RMBpaybak967785673-ushi068ushi0682]|hmac[1b79b55add451c2556be07371ecbeccc]
2018-03-15 17:27:38|orderid[752119019-ushi068]|str[Buy1607752119019-ushi06830000CNYpaybakpaybakpaybakhttp://yujtkd.top/abk/callback.php0ushi068BOC1]|hmac[334641635da00fa4e275e9a9f9fb0cc8]
2018-03-15 17:28:56|orderid[967785673-ushi068]|str[1607Buy120180315172445779550000.00RMBpaybak967785673-ushi068ushi0682]|hmac[1b79b55add451c2556be07371ecbeccc]
2018-03-15 17:29:40|orderid[752119019-ushi068]|str[1607Buy120180315172731456130000.00RMBpaybak752119019-ushi068ushi0682]|hmac[525f5c00409b6f9a188055152af002a9]
2018-03-15 17:29:54|orderid[752119019-ushi068]|str[1607Buy120180315172731456130000.00RMBpaybak752119019-ushi068ushi0681]|hmac[12102e74fd03d5e397d65284eb0ce77a]
2018-03-15 17:31:27|orderid[752119019-ushi068]|str[1607Buy120180315172731456130000.00RMBpaybak752119019-ushi068ushi0682]|hmac[525f5c00409b6f9a188055152af002a9]
2018-03-20 07:35:28|orderid[167485183-]|str[Buy1607167485183-CNYpaybakpaybakpaybakhttp://yujtkd.top/abk/callback.php01]|hmac[8aa5e8161bf24b588d25c6966d151437]
2018-03-20 08:48:42|orderid[568681500-ushi079]|str[Buy1607568681500-ushi07930000CNYpaybakpaybakpaybakhttp://yujtkd.top/abk/callback.php0ushi079CCB1]|hmac[ea899875ad48f3d2cbefe4ef0840add0]
2018-03-20 08:49:42|orderid[542262923-]|str[Buy1607542262923-CNYpaybakpaybakpaybakhttp://yujtkd.top/abk/callback.php01]|hmac[44ede3165b139552dfa7357b11330c96]
2018-03-20 09:20:18|orderid[847769545-ushi089]|str[Buy1607847769545-ushi08920000CNYpaybakpaybakpaybakhttp://yujtkd.top/abk/callback.php0ushi089ABC1]|hmac[8d63fea51051795d9ba82810e36f6466]
2018-03-20 09:21:26|orderid[883769143-ushi089]|str[Buy1607883769143-ushi08920000CNYpaybakpaybakpaybakhttp://yujtkd.top/abk/callback.php0ushi089ABC1]|hmac[ffd3f23adf2e28faab699d0b85b9706a]
2018-03-20 09:21:57|orderid[875316449-ushi089]|str[Buy1607875316449-ushi08920000CNYpaybakpaybakpaybakhttp://yujtkd.top/abk/callback.php0ushi089ABC1]|hmac[16d2bf4cdc1eac8ec8610fe75fb52309]
2018-03-20 09:25:15|orderid[136892532-ushi089]|str[Buy1607136892532-ushi08920000CNYpaybakpaybakpaybakhttp://yujtkd.top/abk/callback.php0ushi089ABC1]|hmac[98907a9662bf23124641fdb5ec59cc32]
2018-03-20 09:26:34|orderid[865539392-ushi089]|str[Buy1607865539392-ushi08920000CNYpaybakpaybakpaybakhttp://yujtkd.top/abk/callback.php0ushi089ABC1]|hmac[58bb90c5b15d1a2bfbed63a67709f2c0]
2018-03-20 09:27:55|orderid[170588943-ushi089]|str[Buy1607170588943-ushi08920000CNYpaybakpaybakpaybakhttp://yujtkd.top/abk/callback.php0ushi089ABC1]|hmac[abaa5c8aaed0cee0100b24154f41f54c]
2018-03-20 09:29:35|orderid[366455849-ushi089]|str[Buy1607366455849-ushi08920000CNYpaybakpaybakpaybakhttp://yujtkd.top/abk/callback.php0ushi089ABC1]|hmac[1eb7aba6be95d52cc9c781eee995d47b]
2018-03-20 09:30:21|orderid[438585236-ushi089]|str[Buy1607438585236-ushi08920000CNYpaybakpaybakpaybakhttp://yujtkd.top/abk/callback.php0ushi089ABC1]|hmac[7150bc04b2caa78c24203c3970ca8f6c]
2018-03-20 09:46:00|orderid[414939856-ushi089]|str[Buy1607414939856-ushi08920000CNYpaybakpaybakpaybakhttp://yujtkd.top/abk/callback.php0ushi089ABC1]|hmac[cd0e1bb833bee4ce06ce81e0286b840b]
2018-03-20 09:55:51|orderid[682857251-u203099]|str[Buy1607682857251-u2030992CNYpaybakpaybakpaybakhttp://yujtkd.top/abk/callback.php0u203099ABC1]|hmac[b4668c0051280c8883ad2e7e9b02b47d]
2018-03-20 10:02:59|orderid[931575306-ushi089]|str[Buy1607931575306-ushi08920000CNYpaybakpaybakpaybakhttp://yujtkd.top/abk/callback.php0ushi089ABC1]|hmac[0f7faf1b4d06ed5ce0c73abdfcd04903]
2018-03-20 10:03:59|orderid[204596094-]|str[Buy1607204596094-CNYpaybakpaybakpaybakhttp://yujtkd.top/abk/callback.php01]|hmac[bf6b8de58539932e81fe325602882887]
2018-03-20 10:23:12|orderid[315640658-ushi089]|str[Buy1607315640658-ushi08920000CNYpaybakpaybakpaybakhttp://yujtkd.top/abk/callback.php0ushi089ABC1]|hmac[fb2100821c898dd485bfe4497636c821]
2018-03-20 10:26:59|orderid[622801014-ushi089]|str[Buy1607622801014-ushi08920000CNYpaybakpaybakpaybakhttp://yujtkd.top/abk/callback.php0ushi089ABC1]|hmac[216ea75d4b7cbe0f2ebf9a6d9e709550]
2018-03-20 10:31:48|orderid[208065140-ushi089]|str[Buy1607208065140-ushi08920000CNYpaybakpaybakpaybakhttp://yujtkd.top/abk/callback.php0ushi089ABC1]|hmac[5c1492faa9a281916f08751de2c9c8d6]
2018-03-20 10:34:47|orderid[888843205-ushi089]|str[Buy1607888843205-ushi08920000CNYpaybakpaybakpaybakhttp://yujtkd.top/abk/callback.php0ushi089ABC1]|hmac[4d8fcdd595add5bcbf608783a0ac6e9d]
2018-03-20 10:37:15|orderid[382646093-ushi089]|str[Buy1607382646093-ushi08920000CNYpaybakpaybakpaybakhttp://yujtkd.top/abk/callback.php0ushi089ABC1]|hmac[65a53346c8d65f53b67201b645aee3a1]
2018-03-20 10:49:49|orderid[548978891-ushi089]|str[Buy1607548978891-ushi08920000CNYpaybakpaybakpaybakhttp://yujtkd.top/abk/callback.php0ushi089ABC1]|hmac[c0b11c926b7c5e7f56af66b3f5c6dc99]
2018-03-20 10:57:02|orderid[166613470-ushi089]|str[Buy1607166613470-ushi08920000CNYpaybakpaybakpaybakhttp://yujtkd.top/abk/callback.php0ushi089ABC1]|hmac[2f83853acc52cdc97f46279e9469694a]
2018-03-20 11:03:53|orderid[166613470-ushi089]|str[1607Buy120180320105725488520000.00RMBpaybak166613470-ushi089ushi0892]|hmac[94a93266ad36ee8868bba6a3536354cb]
2018-03-20 11:04:08|orderid[166613470-ushi089]|str[1607Buy120180320105725488520000.00RMBpaybak166613470-ushi089ushi0891]|hmac[d6ece0e923950d11c4791c395eb1c37a]
2018-03-20 11:05:18|orderid[166613470-ushi089]|str[1607Buy120180320105725488520000.00RMBpaybak166613470-ushi089ushi0892]|hmac[94a93266ad36ee8868bba6a3536354cb]
2018-03-21 09:44:01|orderid[977301817-ushi079]|str[Buy1607977301817-ushi07930000CNYpaybakpaybakpaybakhttp://yujtkd.top/abk/callback.php0ushi079CCB1]|hmac[35665124e1fd9a803fa785dd808a35d5]
2018-03-21 09:47:08|orderid[974560505-ushi079]|str[Buy1607974560505-ushi07910000CNYpaybakpaybakpaybakhttp://yujtkd.top/abk/callback.php0ushi079CCB1]|hmac[b37e86b43b3bd275685eae55f11f1a59]
2018-03-21 09:52:00|orderid[674274113-ushi079]|str[Buy1607674274113-ushi07930000CNYpaybakpaybakpaybakhttp://yujtkd.top/abk/callback.php0ushi079CCB1]|hmac[e8b523facbc68f17134d33a9b0d065cf]
2018-03-21 10:02:43|orderid[283569091-ushi079]|str[Buy1607283569091-ushi07930000CNYpaybakpaybakpaybakhttp://yujtkd.top/abk/callback.php0ushi079CCB1]|hmac[f0ab3579117205381595f3f29b3ae5dc]
2018-03-21 10:03:09|orderid[247044429-ushi079]|str[Buy1607247044429-ushi0795000CNYpaybakpaybakpaybakhttp://yujtkd.top/abk/callback.php0ushi079CCB1]|hmac[87a3e809bc23683f247219664a8b53eb]
2018-03-21 10:04:03|orderid[247044429-ushi079]|str[1607Buy12018032110033116125000.00RMBpaybak247044429-ushi079ushi0792]|hmac[e314bb90c82ef4fe839ab52383f0f0fa]
2018-03-21 10:04:44|orderid[847071354-ushi079]|str[Buy1607847071354-ushi0798000CNYpaybakpaybakpaybakhttp://yujtkd.top/abk/callback.php0ushi079CCB1]|hmac[659f90777ee9d9fa0cd135a57631643d]
2018-03-21 10:05:26|orderid[247044429-ushi079]|str[1607Buy12018032110033116125000.00RMBpaybak247044429-ushi079ushi0792]|hmac[e314bb90c82ef4fe839ab52383f0f0fa]
2018-03-21 10:06:28|orderid[646092353-ushi079]|str[Buy1607646092353-ushi0795000CNYpaybakpaybakpaybakhttp://yujtkd.top/abk/callback.php0ushi079CCB1]|hmac[d04f9f39251ec36376ad6cc415d2cf5a]
2018-03-28 14:00:25|orderid[191029626-u203099]|str[Buy1607191029626-u2030992CNYpaybakpaybakpaybakhttp://yujtkd.top/abk/callback.php0u203099HXB1]|hmac[ccc4f3aa3ead87b008e1aebe33a5b65e]
2018-03-28 16:12:54|orderid[122722617-uz87813614]|str[Buy1607122722617-uz8781361410000CNYpaybakpaybakpaybakhttp://www.yujtkd.top/abk/callback.php0uz87813614ICBC1]|hmac[3bd184b9d444d7b31eaf61d5197b3bd1]
2018-03-28 16:13:47|orderid[370175083-]|str[Buy1607370175083-CNYpaybakpaybakpaybakhttp://www.yujtkd.top/abk/callback.php01]|hmac[61a1c9f7649d2c02b41413d3e6265af4]
2018-03-28 16:13:53|orderid[534869114-]|str[Buy1607534869114-CNYpaybakpaybakpaybakhttp://www.yujtkd.top/abk/callback.php01]|hmac[9320fbdd67405d5864ab3b382974c1af]
2018-03-29 19:52:21|orderid[967930035-u203099]|str[Buy1607967930035-u2030992CNYpaybakpaybakpaybakhttp://yujtkd.top/abk/callback.php0u203099ICBC1]|hmac[23f7d4769efa5998ebf776ffc50d2749]
2018-03-29 19:52:59|orderid[694209829-u203099]|str[Buy1607694209829-u2030992CNYpaybakpaybakpaybakhttp://yujtkd.top/abk/callback.php0u203099ICBC1]|hmac[51858ec253870c5b200e38097ea70df8]
2018-03-29 19:53:25|orderid[484465416-u203099]|str[Buy1607484465416-u2030992CNYpaybakpaybakpaybakhttp://yujtkd.top/abk/callback.php0u203099ABC1]|hmac[a7cc81e5592c814ba13a0e6d8ad32ab9]
2018-03-29 19:54:05|orderid[433944913-u203099]|str[Buy1607433944913-u20309925000CNYpaybakpaybakpaybakhttp://yujtkd.top/abk/callback.php0u203099PINGANBANK1]|hmac[566ca55ec5f8633f0eb1c406c9ed0bd3]
2018-03-29 19:55:24|orderid[203686098-u203099]|str[Buy1607203686098-u2030995CNYpaybakpaybakpaybakhttp://yujtkd.top/abk/callback.php0u203099PINGANBANK1]|hmac[4e7589c01d8c6bea97a49468d48ff65d]
2018-03-29 19:57:25|orderid[906357802-u203099]|str[Buy1607906357802-u20309926000CNYpaybakpaybakpaybakhttp://yujtkd.top/abk/callback.php0u203099GDB1]|hmac[1128d9a2c5235fd44cd52dee5be7ac4c]
2018-04-01 20:30:57|orderid[307784829-u203099]|str[Buy1607307784829-u2030992CNYpaybakpaybakpaybakhttp://yujtkd.top/abk/callback.php0u203099ICBC1]|hmac[173202072bac43edea6d982b155089e3]
2018-04-01 21:20:53|orderid[678550649-u203099]|str[Buy1607678550649-u2030993CNYpaybakpaybakpaybakhttp://yujtkd.top/abk/callback.php0u203099HXB1]|hmac[9711a94e776bd4e2275538a8e5d329cf]
2018-04-01 22:43:12|orderid[240953968-ueeeeee]|str[Buy1607240953968-ueeeeee100CNYpaybakpaybakpaybakhttp://yujtkd.top/abk/callback.php0ueeeeeeICBC1]|hmac[ef7a866a13fcfb1bd65e537d50c9b54e]
2018-04-01 23:36:08|orderid[252126359-]|str[Buy1607252126359-CNYpaybakpaybakpaybakhttp://yujtkd.top/abk/callback.php01]|hmac[11b951af9ef29540e0ca8d84967380fc]
2018-04-01 23:36:32|orderid[292694254-]|str[Buy1607292694254-CNYpaybakpaybakpaybakhttp://yujtkd.top/abk/callback.php01]|hmac[39a07d0915c2e17dc57be68336cce84f]
2018-04-01 23:36:46|orderid[912099119-]|str[Buy1607912099119-CNYpaybakpaybakpaybakhttp://yujtkd.top/abk/callback.php01]|hmac[6843a9b6a60711458e19b060c085ce2d]
2018-04-01 23:36:48|orderid[699884230-]|str[Buy1607699884230-CNYpaybakpaybakpaybakhttp://yujtkd.top/abk/callback.php01]|hmac[1ca029966cff2f32d80805606890c5be]
2018-04-02 10:56:07|orderid[635623145-ushi061]|str[Buy1607635623145-ushi06150000CNYpaybakpaybakpaybakhttp://yujtkd.top/abk/callback.php0ushi061ABC1]|hmac[6429a1ff2a3b2360c4869e8fc4282709]
2018-04-02 14:39:49|orderid[139344916-ushi061]|str[Buy1607139344916-ushi06120000CNYpaybakpaybakpaybakhttp://yujtkd.top/abk/callback.php0ushi061ABC1]|hmac[c28f5449a7713198d7436bf12660f50e]
2018-04-02 14:49:54|orderid[448797822-ushi061]|str[Buy1607448797822-ushi06120000CNYpaybakpaybakpaybakhttp://yujtkd.top/abk/callback.php0ushi061ABC1]|hmac[03843c17bf096ce1ee57c8f707d6af4c]
2018-04-02 15:07:36|orderid[268265132-ushi061]|str[Buy1607268265132-ushi061200000CNYpaybakpaybakpaybakhttp://yujtkd.top/abk/callback.php0ushi061ABC1]|hmac[585b5ab057926b8c7eb4fb6d100a425e]
2018-04-02 15:08:12|orderid[801152119-ushi061]|str[Buy1607801152119-ushi06120000CNYpaybakpaybakpaybakhttp://yujtkd.top/abk/callback.php0ushi061ABC1]|hmac[dd3e5f317725792bd8aa5384af683ed7]
2018-04-03 08:14:53|orderid[858968783-ushi061]|str[Buy1607858968783-ushi0611000CNYpaybakpaybakpaybakhttp://yujtkd.top/abk/callback.php0ushi061ABC1]|hmac[3f060553e906349ba3a4c3db5ad6c6d0]
2018-04-03 08:21:34|orderid[466199923-ushi061]|str[Buy1607466199923-ushi0611000CNYpaybakpaybakpaybakhttp://yujtkd.top/abk/callback.php0ushi061ABC1]|hmac[dc8fe53d1697ba88ce85b5dc2546b87a]
2018-04-03 09:23:43|orderid[650778661-ushi063]|str[Buy1607650778661-ushi063100000CNYpaybakpaybakpaybakhttp://yujtkd.top/abk/callback.php0ushi063HXB1]|hmac[2ceb9fb0d86adda9f4335f66def2ef98]
2018-04-03 09:25:49|orderid[536534931-ushi063]|str[Buy1607536534931-ushi063100000CNYpaybakpaybakpaybakhttp://yujtkd.top/abk/callback.php0ushi063HXB1]|hmac[ff5916017249ce0351f03ea0535b700f]
2018-04-03 09:27:36|orderid[370251835-ushi063]|str[Buy1607370251835-ushi06350000CNYpaybakpaybakpaybakhttp://yujtkd.top/abk/callback.php0ushi063HXB1]|hmac[85a59c489163f6badb891724385b9534]
2018-04-03 09:28:26|orderid[476812013-ushi063]|str[Buy1607476812013-ushi063100000CNYpaybakpaybakpaybakhttp://yujtkd.top/abk/callback.php0ushi063ICBC1]|hmac[82b3046961c782809ee7317c19def37c]
2018-04-03 09:30:02|orderid[893022035-ushi063]|str[Buy1607893022035-ushi06320000CNYpaybakpaybakpaybakhttp://yujtkd.top/abk/callback.php0ushi063HXB1]|hmac[f4aaf9021f51e2ac1bb0cb1a3b30d93e]
2018-04-03 09:43:36|orderid[615876746-ushi063]|str[Buy1607615876746-ushi06320000CNYpaybakpaybakpaybakhttp://yujtkd.top/abk/callback.php0ushi063HXB1]|hmac[a3ec4cd119f4fc5de01d2f6c4fd16b07]
2018-04-03 09:56:45|orderid[683384152-ushi063]|str[Buy1607683384152-ushi06320000CNYpaybakpaybakpaybakhttp://yujtkd.top/abk/callback.php0ushi063HXB1]|hmac[4c68f351410729bc1c206f84f960196c]
2018-04-03 10:11:33|orderid[619186888-ushi063]|str[Buy1607619186888-ushi06320000CNYpaybakpaybakpaybakhttp://yujtkd.top/abk/callback.php0ushi063HXB1]|hmac[4c3d197a101828bc65ef1be979436e87]
2018-04-03 10:26:28|orderid[727778052-ushi063]|str[Buy1607727778052-ushi06320000CNYpaybakpaybakpaybakhttp://yujtkd.top/abk/callback.php0ushi063HXB1]|hmac[f05ff89f6af24848ccd21e2ac31ebabf]
2018-04-03 10:30:08|orderid[613709388-ushi063]|str[Buy1607613709388-ushi06320000CNYpaybakpaybakpaybakhttp://yujtkd.top/abk/callback.php0ushi063HXB1]|hmac[7238f0d4f796ad21c5aaff77f7c516f8]
2018-04-03 10:37:53|orderid[257735219-]|str[Buy1607257735219-CNYpaybakpaybakpaybakhttp://yujtkd.top/abk/callback.php01]|hmac[911f9161b432b03701ac228229ce756a]
2018-04-03 10:41:25|orderid[258259086-ushi063]|str[Buy1607258259086-ushi06320000CNYpaybakpaybakpaybakhttp://yujtkd.top/abk/callback.php0ushi063HXB1]|hmac[77f8a9b02683228b0b94efa08065a856]
2018-04-03 10:43:59|orderid[258259086-ushi063]|str[1607Buy120180403104124779020000.00RMBpaybak258259086-ushi063ushi0632]|hmac[d5f84a41ac421163effbfed6ed3073ff]
2018-04-03 10:44:58|orderid[899347777-]|str[Buy1607899347777-CNYpaybakpaybakpaybakhttp://yujtkd.top/abk/callback.php01]|hmac[5c78032138091659682e86b20062c8be]
2018-04-03 10:45:00|orderid[258259086-ushi063]|str[1607Buy120180403104124779020000.00RMBpaybak258259086-ushi063ushi0632]|hmac[d5f84a41ac421163effbfed6ed3073ff]
2018-04-03 10:45:24|orderid[162225706-]|str[Buy1607162225706-CNYpaybakpaybakpaybakhttp://yujtkd.top/abk/callback.php01]|hmac[002d8a18398f005834e4a22efd774892]
2018-04-03 10:46:29|orderid[232639119-ushi063]|str[Buy1607232639119-ushi06320000CNYpaybakpaybakpaybakhttp://yujtkd.top/abk/callback.php0ushi063HXB1]|hmac[2dede5e943b78e966939bdfe22e11d8b]
2018-04-03 10:46:33|orderid[648832456-ushi063]|str[Buy1607648832456-ushi06320000CNYpaybakpaybakpaybakhttp://yujtkd.top/abk/callback.php0ushi063HXB1]|hmac[bf7ba334193848861e9e06cf717d75c1]
2018-04-03 10:47:14|orderid[270376575-ushi063]|str[Buy1607270376575-ushi06320000CNYpaybakpaybakpaybakhttp://yujtkd.top/abk/callback.php0ushi063HXB1]|hmac[4a75ea946639a74cbd67b374fc089f9e]
2018-04-03 10:49:24|orderid[270376575-ushi063]|str[1607Buy120180403104713512020000.00RMBpaybak270376575-ushi063ushi0632]|hmac[4ef277dd14dc4018de20cd1eeb46a953]
2018-04-03 10:49:48|orderid[850260765-ushi063]|str[Buy1607850260765-ushi06320000CNYpaybakpaybakpaybakhttp://yujtkd.top/abk/callback.php0ushi063HXB1]|hmac[92dd1d5223a45487fb4961fc53015c35]
2018-04-03 10:50:25|orderid[270376575-ushi063]|str[1607Buy120180403104713512020000.00RMBpaybak270376575-ushi063ushi0632]|hmac[4ef277dd14dc4018de20cd1eeb46a953]
2018-04-03 10:51:08|orderid[850260765-ushi063]|str[1607Buy120180403104947711620000.00RMBpaybak850260765-ushi063ushi0632]|hmac[bf777dfe62fba4e010389593b24bcb9b]
2018-04-03 10:51:37|orderid[814909324-ushi063]|str[Buy1607814909324-ushi06340000CNYpaybakpaybakpaybakhttp://yujtkd.top/abk/callback.php0ushi063HXB1]|hmac[2ada52ba0f88dc691bbaf4fb651aa386]
2018-04-03 10:51:56|orderid[814789610-ushi063]|str[Buy1607814789610-ushi06320000CNYpaybakpaybakpaybakhttp://yujtkd.top/abk/callback.php0ushi063HXB1]|hmac[12b0543f230a62956273f9de70552ff3]
2018-04-03 10:52:09|orderid[850260765-ushi063]|str[1607Buy120180403104947711620000.00RMBpaybak850260765-ushi063ushi0632]|hmac[bf777dfe62fba4e010389593b24bcb9b]
2018-04-03 10:53:42|orderid[814789610-ushi063]|str[1607Buy120180403105155976120000.00RMBpaybak814789610-ushi063ushi0632]|hmac[04f7cc09f4e501de65acda2d87b6c39c]
2018-04-03 10:54:02|orderid[723773944-ushi061]|str[Buy1607723773944-ushi0611000CNYpaybakpaybakpaybakhttp://yujtkd.top/abk/callback.php0ushi061ABC1]|hmac[1a4fda3b6a341c4cf56fb41d8079fa28]
2018-04-03 10:54:23|orderid[726336385-ushi063]|str[Buy1607726336385-ushi06320000CNYpaybakpaybakpaybakhttp://yujtkd.top/abk/callback.php0ushi063HXB1]|hmac[6651b731edf8e6a42f25c856709d0ecc]
2018-04-03 10:54:43|orderid[814789610-ushi063]|str[1607Buy120180403105155976120000.00RMBpaybak814789610-ushi063ushi0632]|hmac[04f7cc09f4e501de65acda2d87b6c39c]
2018-04-03 10:55:52|orderid[726336385-ushi063]|str[1607Buy120180403105422575020000.00RMBpaybak726336385-ushi063ushi0632]|hmac[a7c881710bd096cc482bc8eaa0b12c3b]
2018-04-03 10:56:53|orderid[726336385-ushi063]|str[1607Buy120180403105422575020000.00RMBpaybak726336385-ushi063ushi0632]|hmac[a7c881710bd096cc482bc8eaa0b12c3b]
2018-04-03 13:54:49|orderid[553874337-ushi061]|str[Buy1607553874337-ushi061200000CNYpaybakpaybakpaybakhttp://yujtkd.top/abk/callback.php0ushi061ABC1]|hmac[a42d501273d57010bc09c8bf965f129a]
2018-04-03 14:01:12|orderid[843517749-ushi061]|str[Buy1607843517749-ushi06120000CNYpaybakpaybakpaybakhttp://yujtkd.top/abk/callback.php0ushi061ABC1]|hmac[0d01d7540a0d54a87b83820390f49cf7]
2018-04-03 14:01:41|orderid[639483795-ushi061]|str[Buy1607639483795-ushi06120000CNYpaybakpaybakpaybakhttp://yujtkd.top/abk/callback.php0ushi061ABC1]|hmac[1c5c2187f0aaafc4d4129a7eb63ad223]
2018-04-03 14:10:34|orderid[705982757-ushi061]|str[Buy1607705982757-ushi06120000CNYpaybakpaybakpaybakhttp://yujtkd.top/abk/callback.php0ushi061ABC1]|hmac[0703c11b5d31f715c080dbd2ca074c38]
2018-04-03 14:23:16|orderid[777357257-ushi061]|str[Buy1607777357257-ushi06120000CNYpaybakpaybakpaybakhttp://yujtkd.top/abk/callback.php0ushi061ABC1]|hmac[07e97b5dfebe7e75bf74d3ed7221013b]
2018-04-03 14:37:11|orderid[172104007-ushi060]|str[Buy1607172104007-ushi060500000CNYpaybakpaybakpaybakhttp://yujtkd.top/abk/callback.php0ushi060BOCO1]|hmac[3ce0f2b29c6258dd6e897fd40de50566]
2018-04-03 14:37:31|orderid[379803684-ushi060]|str[Buy1607379803684-ushi06020000CNYpaybakpaybakpaybakhttp://yujtkd.top/abk/callback.php0ushi060BOCO1]|hmac[15b84c7c41c0cd1a4cede003a0c29a7d]
2018-04-03 14:37:42|orderid[685159433-ushi061]|str[Buy1607685159433-ushi06120000CNYpaybakpaybakpaybakhttp://yujtkd.top/abk/callback.php0ushi061ABC1]|hmac[066bed28ec87631c51d78e687c57b1aa]
2018-04-03 14:37:53|orderid[343063201-ushi060]|str[Buy1607343063201-ushi06020000CNYpaybakpaybakpaybakhttp://yujtkd.top/abk/callback.php0ushi060BOCO1]|hmac[333f517660c1bdeff5a2f86560427e50]
2018-04-03 14:38:17|orderid[337718338-ushi060]|str[Buy1607337718338-ushi06020000CNYpaybakpaybakpaybakhttp://yujtkd.top/abk/callback.php0ushi060BOCO1]|hmac[3575aad01840451bb5fe894c66135f87]
2018-04-03 14:39:19|orderid[685159433-ushi061]|str[1607Buy120180403143740458020000.00RMBpaybak685159433-ushi061ushi0612]|hmac[83ffca34d8de39c8d97a620b2c61d216]
2018-04-03 14:40:20|orderid[685159433-ushi061]|str[1607Buy120180403143740458020000.00RMBpaybak685159433-ushi061ushi0612]|hmac[83ffca34d8de39c8d97a620b2c61d216]
2018-04-03 14:40:33|orderid[110170003-ushi060]|str[Buy1607110170003-ushi06020000CNYpaybakpaybakpaybakhttp://yujtkd.top/abk/callback.php0ushi060BOCO1]|hmac[66a1a2999faef69f04c0e1606efaf330]
2018-04-09 12:49:28|orderid[784463530-ushi061]|str[Buy1607784463530-ushi06130000CNYpaybakpaybakpaybakhttp://yujtkd.top/abk/callback.php0ushi061ABC1]|hmac[833dc81fb99666377933fb4dd293dcfe]
2018-04-09 12:49:58|orderid[352604058-ushi061]|str[Buy1607352604058-ushi06130000CNYpaybakpaybakpaybakhttp://yujtkd.top/abk/callback.php0ushi061ABC1]|hmac[1237e125392083c31f4754f04a2820c7]
2018-04-09 12:51:08|orderid[678136387-ushi061]|str[Buy1607678136387-ushi06130000CNYpaybakpaybakpaybakhttp://yujtkd.top/abk/callback.php0ushi061ABC1]|hmac[1ff4699df918cb937a3dd62e548964c2]
2018-04-09 12:53:30|orderid[775296335-ushi061]|str[Buy1607775296335-ushi06120000CNYpaybakpaybakpaybakhttp://yujtkd.top/abk/callback.php0ushi061ABC1]|hmac[3e2ff064a43e99f6a3508de3986c5d06]
2018-04-09 12:56:19|orderid[775296335-ushi061]|str[1607Buy120180409125337121820000.00RMBpaybak775296335-ushi061ushi0612]|hmac[97382dd238a146e193a38e423bafa97e]
2018-04-09 12:57:20|orderid[775296335-ushi061]|str[1607Buy120180409125337121820000.00RMBpaybak775296335-ushi061ushi0612]|hmac[97382dd238a146e193a38e423bafa97e]
2018-04-09 12:57:33|orderid[489406052-ushi061]|str[Buy1607489406052-ushi06110000CNYpaybakpaybakpaybakhttp://yujtkd.top/abk/callback.php0ushi061ABC1]|hmac[8bdc5a0f14342416455a3dd687d20c4b]
2018-04-09 12:58:38|orderid[489406052-ushi061]|str[1607Buy120180409125740366310000.00RMBpaybak489406052-ushi061ushi0612]|hmac[6d4bebccab6706ea44f1b7529ef7c0a1]
2018-04-09 12:59:39|orderid[489406052-ushi061]|str[1607Buy120180409125740366310000.00RMBpaybak489406052-ushi061ushi0612]|hmac[6d4bebccab6706ea44f1b7529ef7c0a1]
2018-04-09 13:19:02|orderid[854652355-]|str[Buy1607854652355-CNYpaybakpaybakpaybakhttp://yujtkd.top/abk/callback.php01]|hmac[8dcdd272a395b6e4ae5f1f60723f0414]
2018-04-09 13:19:30|orderid[959698872-]|str[Buy1607959698872-CNYpaybakpaybakpaybakhttp://yujtkd.top/abk/callback.php01]|hmac[63e11020fb778c8d843195307ee8f7f6]
2018-04-09 13:19:33|orderid[462423606-]|str[Buy1607462423606-CNYpaybakpaybakpaybakhttp://yujtkd.top/abk/callback.php01]|hmac[e02d55b47f32cdcda0135a4faafb8380]
2018-04-09 13:19:36|orderid[307236177-]|str[Buy1607307236177-CNYpaybakpaybakpaybakhttp://yujtkd.top/abk/callback.php01]|hmac[a61bfe80beb1e9983c1fc4c6639f50f2]
2018-04-16 12:09:40|orderid[569466139-u203099]|str[Buy1607569466139-u2030991CNYpaybakpaybakpaybakhttp://yujtkd.top/abk/callback.php0u203099BOCO1]|hmac[54581406ceb6af9c7ace14192dc63f3b]
2018-04-16 12:10:41|orderid[851940046-u203099]|str[Buy1607851940046-u2030991CNYpaybakpaybakpaybakhttp://yujtkd.top/abk/callback.php0u203099ICBC1]|hmac[6f3acb7f756aa56248989c7b7ac8e18d]
2018-04-16 12:11:51|orderid[165989672-u203099]|str[Buy1607165989672-u2030991CNYpaybakpaybakpaybakhttp://yujtkd.top/abk/callback.php0u203099ABC1]|hmac[aa912135df9b497b7ff23452eb96ee87]
2018-04-16 12:12:33|orderid[810168532-u203099]|str[Buy1607810168532-u20309911CNYpaybakpaybakpaybakhttp://yujtkd.top/abk/callback.php0u203099ABC1]|hmac[86f01d9a33f7dad9ce44cc4d2b9e43fd]
2018-04-16 12:16:45|orderid[240663125-u203099]|str[Buy1607240663125-u2030991CNYpaybakpaybakpaybakhttp://yujtkd.top/abk/callback.php0u203099ICBC1]|hmac[2b7bc0b736442baac68646ee58b67880]
2018-04-16 12:47:49|orderid[243386889-u203099]|str[Buy1607243386889-u2030991CNYpaybakpaybakpaybakhttp://yujtkd.top/abk/callback.php0u203099ICBC1]|hmac[09999a4c71c16c60ebe40e0bb132d325]
2018-04-16 12:49:00|orderid[521629895-u203099]|str[Buy1607521629895-u2030991CNYpaybakpaybakpaybakhttp://yujtkd.top/abk/callback.php0u203099BOCO1]|hmac[21c5f6d536b2fff4c49b9b3f2d3db459]
2018-04-16 12:49:41|orderid[477893830-u203099]|str[Buy1607477893830-u2030991CNYpaybakpaybakpaybakhttp://yujtkd.top/abk/callback.php0u203099ICBC1]|hmac[69a28d2074b465b111611233aed7ba43]
2018-04-16 12:50:27|orderid[385929321-u203099]|str[Buy1607385929321-u2030992CNYpaybakpaybakpaybakhttp://yujtkd.top/abk/callback.php0u203099BOC1]|hmac[b98a98322fce17b8f9b24b2e4eddb43f]
2018-04-16 12:52:46|orderid[882785428-u203099]|str[Buy1607882785428-u2030991CNYpaybakpaybakpaybakhttp://yujtkd.top/abk/callback.php0u203099ICBC1]|hmac[887f52daaaf5f15c4cfb57f90695513c]
2018-04-16 22:19:08|orderid[855752255-u203099]|str[Buy1607855752255-u2030993CNYpaybakpaybakpaybakhttp://yujtkd.top/abk/callback.php0u203099ICBC1]|hmac[5df615e5630c5f45cd272cf4e6fc8bcb]
2018-04-16 22:19:51|orderid[652207960-u203099]|str[Buy1607652207960-u2030993CNYpaybakpaybakpaybakhttp://yujtkd.top/abk/callback.php0u203099CCB1]|hmac[158c7a9863ea93560cc4ddbb45fb0612]
2018-04-16 22:20:35|orderid[125445577-u203099]|str[Buy1607125445577-u2030993CNYpaybakpaybakpaybakhttp://yujtkd.top/abk/callback.php0u203099BOCO1]|hmac[47f9faabefa19245ea07625ad5783e0e]
2018-04-16 22:21:00|orderid[789420778-u203099]|str[Buy1607789420778-u2030993CNYpaybakpaybakpaybakhttp://yujtkd.top/abk/callback.php0u203099ABC1]|hmac[63c73a7639f50c63dc3886b304e403c5]
2018-04-16 22:21:40|orderid[101191889-u203099]|str[Buy1607101191889-u20309910000CNYpaybakpaybakpaybakhttp://yujtkd.top/abk/callback.php0u203099BOC1]|hmac[b49a121d3fdb0be7b7fc801f85323b3c]
2018-04-16 22:22:11|orderid[393048839-u203099]|str[Buy1607393048839-u20309910000CNYpaybakpaybakpaybakhttp://yujtkd.top/abk/callback.php0u203099PINGANBANK1]|hmac[7dcefe0b0478eabaea58bbb20881bc10]
2018-04-16 22:24:40|orderid[318433734-u203099]|str[Buy1607318433734-u2030991CNYpaybakpaybakpaybakhttp://yujtkd.top/abk/callback.php0u203099HXB1]|hmac[9ea6820c193cba28fecf6fdaf7473b4e]
2018-04-16 22:25:11|orderid[175417313-u203099]|str[Buy1607175417313-u20309911CNYpaybakpaybakpaybakhttp://yujtkd.top/abk/callback.php0u203099POST1]|hmac[20bd472112f3833eab18c61f53045e3c]
2018-04-16 22:25:54|orderid[442729566-u203099]|str[Buy1607442729566-u20309910000CNYpaybakpaybakpaybakhttp://yujtkd.top/abk/callback.php0u203099CIB1]|hmac[ed20a31501ae4ac952eab1d07970ab48]
2018-04-16 22:27:19|orderid[505598052-u203099]|str[Buy1607505598052-u2030991CNYpaybakpaybakpaybakhttp://yujtkd.top/abk/callback.php0u203099ICBC1]|hmac[d110345e3d4d8ee6d305701f5f9ef6ce]
2018-04-16 22:28:19|orderid[758071942-u203099]|str[Buy1607758071942-u2030993CNYpaybakpaybakpaybakhttp://yujtkd.top/abk/callback.php0u203099ABC1]|hmac[c6c45c832197c3857cdaf74d48d743bb]
2018-04-16 22:29:06|orderid[532896496-u203099]|str[Buy1607532896496-u2030992CNYpaybakpaybakpaybakhttp://yujtkd.top/abk/callback.php0u203099CCB1]|hmac[2a0039d6ca4744db28d2a3ce13001698]
2018-04-16 22:34:44|orderid[514824053-u203099]|str[Buy1607514824053-u2030991CNYpaybakpaybakpaybakhttp://yujtkd.top/abk/callback.php0u203099ABC1]|hmac[69eb4f1370525e206f19b59926e5606d]
2018-04-16 22:35:07|orderid[320183482-u203099]|str[Buy1607320183482-u2030993CNYpaybakpaybakpaybakhttp://yujtkd.top/abk/callback.php0u203099HXB1]|hmac[06cf8c9b94b22fde66d1f47a28422d18]
2018-04-16 22:38:02|orderid[817414306-u203099]|str[Buy1607817414306-u2030993CNYpaybakpaybakpaybakhttp://yujtkd.top/abk/callback.php0u203099HXB1]|hmac[a1ff4f1191a00e2aefdb6c18f5311abd]
2018-04-16 22:38:32|orderid[490938140-u203099]|str[Buy1607490938140-u2030991CNYpaybakpaybakpaybakhttp://yujtkd.top/abk/callback.php0u203099ABC1]|hmac[72693569cc98bfe4220d8a79df1bd940]
2018-04-16 22:39:08|orderid[115318945-u203099]|str[Buy1607115318945-u2030993CNYpaybakpaybakpaybakhttp://yujtkd.top/abk/callback.php0u203099CMBC1]|hmac[388a37d4092e1598927ab31231853305]
2018-04-16 22:39:32|orderid[445693429-u203099]|str[Buy1607445693429-u2030991CNYpaybakpaybakpaybakhttp://yujtkd.top/abk/callback.php0u203099CIB1]|hmac[482c51e324d9eebee40b4d462c1bd52d]
2018-04-16 22:40:45|orderid[805056199-u203099]|str[Buy1607805056199-u2030991CNYpaybakpaybakpaybakhttp://yujtkd.top/abk/callback.php0u203099CIB1]|hmac[397e714ebdee519103d2733b3be9155c]
2018-04-17 15:36:59|orderid[965853878-]|str[Buy1607965853878-1CNYpaybakpaybakpaybakhttp://yujtkd.top/abk/callback.php0ICBC1]|hmac[10d19fc9695e99bd2396d18bfdd3ec71]
2018-04-17 15:37:49|orderid[994961424-u203099]|str[Buy1607994961424-u2030991CNYpaybakpaybakpaybakhttp://yujtkd.top/abk/callback.php0u203099ICBC1]|hmac[31f8c84ee4b96d21fe3ddd3ae0e17f7a]
2018-04-17 15:37:53|orderid[693127692-]|str[Buy1607693127692-1CNYpaybakpaybakpaybakhttp://yujtkd.top/abk/callback.php0CCB1]|hmac[019eec1f9ff60c85a2c19e265b811e78]
2018-04-17 15:41:54|orderid[407868776-u203099]|str[Buy1607407868776-u2030991CNYpaybakpaybakpaybakhttp://yujtkd.top/abk/callback.php0u203099ICBC1]|hmac[6788abbc9f1efbcd452ae702bcc354d4]
2018-04-17 20:20:16|orderid[168580691-u203099]|str[Buy1607168580691-u2030993CNYpaybakpaybakpaybakhttp://yujtkd.top/abk/callback.php0u203099ICBC1]|hmac[3cfb917d0bf16e9a69e2765a926a98d5]
2018-04-17 20:21:56|orderid[841220251-u203099]|str[Buy1607841220251-u20309911CNYpaybakpaybakpaybakhttp://yujtkd.top/abk/callback.php0u203099ICBC1]|hmac[9050c86c128acb43d7a0351e6f4e2d4d]
2018-04-17 20:26:57|orderid[140235431-u203099]|str[Buy1607140235431-u20309911CNYpaybakpaybakpaybakhttp://yujtkd.top/abk/callback.php0u203099ICBC1]|hmac[b1da18f9e7dc073f14e39d0badd11336]
2018-04-17 20:28:41|orderid[556490802-u203099]|str[Buy1607556490802-u20309950CNYpaybakpaybakpaybakhttp://yujtkd.top/abk/callback.php0u203099ABC1]|hmac[b0fb760efc70f0ebaaa40bd92cc6abb2]
2018-04-18 19:51:59|orderid[826971375-u203099]|str[Buy1607826971375-u20309920CNYpaybakpaybakpaybakhttp://yujtkd.top/abk/callback.php0u203099ICBC1]|hmac[2f2602c38545ffc4a659484d719040cd]
2018-04-19 14:00:07|orderid[715773274-ushi059]|str[Buy1607715773274-ushi05970000CNYpaybakpaybakpaybakhttp://yujtkd.top/abk/callback.php0ushi059CCB1]|hmac[9bda27feefc1713f7199946df1ab4a7f]
2018-04-19 14:00:40|orderid[591746268-ushi059]|str[Buy1607591746268-ushi05970000CNYpaybakpaybakpaybakhttp://yujtkd.top/abk/callback.php0ushi059CCB1]|hmac[5e76d5cee8c90030b138a73a1ecc0ada]
2018-04-19 14:01:07|orderid[354802077-]|str[Buy1607354802077-CNYpaybakpaybakpaybakhttp://yujtkd.top/abk/callback.php01]|hmac[c5a2aa7a35980c464391557c31abb478]
2018-04-19 14:01:35|orderid[635034266-ushi059]|str[Buy1607635034266-ushi05970000CNYpaybakpaybakpaybakhttp://yujtkd.top/abk/callback.php0ushi059CCB1]|hmac[5f603b1aad814ee859c735faf54ec39b]
2018-04-19 14:05:47|orderid[329436879-ushi059]|str[Buy1607329436879-ushi05970000CNYpaybakpaybakpaybakhttp://yujtkd.top/abk/callback.php0ushi059CCB1]|hmac[085110350b39e862e216608597c46a81]
2018-04-19 14:21:33|orderid[948487960-ushi059]|str[Buy1607948487960-ushi05970000CNYpaybakpaybakpaybakhttp://yujtkd.top/abk/callback.php0ushi059CCB1]|hmac[de3c279aaa521bc70ff19d8acc7ab9d3]
2018-04-19 14:36:10|orderid[710205324-ushi059]|str[Buy1607710205324-ushi05970000CNYpaybakpaybakpaybakhttp://yujtkd.top/abk/callback.php0ushi059CCB1]|hmac[f47069644b5898bdadf3b66c24940ec0]
2018-04-19 14:37:31|orderid[899604713-ushi059]|str[Buy1607899604713-ushi05970000CNYpaybakpaybakpaybakhttp://yujtkd.top/abk/callback.php0ushi059CCB1]|hmac[006cbf57baa1d82f2ec62675780bbd15]
2018-04-19 14:43:10|orderid[235873598-ushi059]|str[Buy1607235873598-ushi0597CNYpaybakpaybakpaybakhttp://yujtkd.top/abk/callback.php0ushi059CCB1]|hmac[0195ad7a45e5f501487d1a44354a763d]
2018-04-19 14:51:46|orderid[566581927-ushi059]|str[Buy1607566581927-ushi05970000CNYpaybakpaybakpaybakhttp://yujtkd.top/abk/callback.php0ushi059CCB1]|hmac[34f38b1a4fb8225384d8220781e07c27]
2018-04-19 14:55:14|orderid[210938088-ushi059]|str[Buy1607210938088-ushi05970000CNYpaybakpaybakpaybakhttp://yujtkd.top/abk/callback.php0ushi059CCB1]|hmac[ab3849f692f6c8a84b6cc7b7015adc29]
2018-04-19 14:58:15|orderid[413064360-ushi058]|str[Buy1607413064360-ushi05870000CNYpaybakpaybakpaybakhttp://yujtkd.top/abk/callback.php0ushi058CCB1]|hmac[a38f5196add4093e2446e40d99d873d4]
2018-04-19 15:00:05|orderid[654847127-u203099]|str[Buy1607654847127-u203099100CNYpaybakpaybakpaybakhttp://yujtkd.top/abk/callback.php0u203099CCB1]|hmac[6e89b044c58a2295b6fef8cd3491dd4b]
2018-04-19 15:04:09|orderid[986838392-u203099]|str[Buy1607986838392-u203099100CNYpaybakpaybakpaybakhttp://yujtkd.top/abk/callback.php0u203099ABC1]|hmac[f61a166f35d36cba980d55f4be476f82]
2018-04-19 15:13:54|orderid[714005758-u203099]|str[Buy1607714005758-u203099100CNYpaybakpaybakpaybakhttp://yujtkd.top/abk/callback.php0u203099CCB1]|hmac[165e411de6cb90240b9c1b8f59711d24]
2018-04-19 15:16:26|orderid[990133038-u203099]|str[Buy1607990133038-u203099100CNYpaybakpaybakpaybakhttp://yujtkd.top/abk/callback.php0u203099CCB1]|hmac[21851d36bed36dc9635466a971cb7bd9]
2018-04-19 15:18:25|orderid[961968988-u203099]|str[Buy1607961968988-u203099100CNYpaybakpaybakpaybakhttp://yujtkd.top/abk/callback.php0u203099CCB1]|hmac[8c1a932d47cc64b9a510134da8d7964d]
2018-04-19 15:21:25|orderid[687278759-u203099]|str[Buy1607687278759-u203099100CNYpaybakpaybakpaybakhttp://yujtkd.top/abk/callback.php0u203099ICBC1]|hmac[fb956f4cc785c156cf8dc58b913219e4]
2018-04-19 15:22:32|orderid[263927509-u203099]|str[Buy1607263927509-u203099100CNYpaybakpaybakpaybakhttp://yujtkd.top/abk/callback.php0u203099ICBC1]|hmac[30e9137b1178840138c44212b2cc04ae]
2018-04-19 15:25:09|orderid[730870817-u203099]|str[Buy1607730870817-u203099100CNYpaybakpaybakpaybakhttp://yujtkd.top/abk/callback.php0u203099ICBC1]|hmac[db09b2d49138f507c143dfa505851223]
2018-04-19 15:47:36|orderid[907499901-u203099]|str[Buy1607907499901-u203099100CNYpaybakpaybakpaybakhttp://yujtkd.top/abk/callback.php0u203099ICBC1]|hmac[fe3a6c46125021a08393c5242d8b1a29]
2018-04-19 15:48:23|orderid[588068508-u203099]|str[Buy1607588068508-u203099100CNYpaybakpaybakpaybakhttp://yujtkd.top/abk/callback.php0u203099ABC1]|hmac[c954b1e91b7c68a08232936a90713f29]
2018-04-19 15:52:55|orderid[377776921-u203099]|str[Buy1607377776921-u203099100CNYpaybakpaybakpaybakhttp://yujtkd.top/abk/callback.php0u203099CCB1]|hmac[ec227f2b16215e0d1262fe0db0c0a4d1]
2018-04-19 15:55:13|orderid[144556646-u203099]|str[Buy1607144556646-u203099100CNYpaybakpaybakpaybakhttp://yujtkd.top/abk/callback.php0u203099ICBC1]|hmac[caba539888bf7e6d4de62106aac84ecd]
2018-04-19 15:56:48|orderid[462471760-u203099]|str[Buy1607462471760-u203099100CNYpaybakpaybakpaybakhttp://yujtkd.top/abk/callback.php0u203099CCB1]|hmac[47dca2a7aa14657f48e8ca385ee2769b]
2018-04-19 15:58:00|orderid[694033734-u203099]|str[Buy1607694033734-u203099100CNYpaybakpaybakpaybakhttp://yujtkd.top/abk/callback.php0u203099CCB1]|hmac[579ceed3d752d328282887d1193eede5]
2018-04-19 16:00:12|orderid[771960458-u203099]|str[Buy1607771960458-u203099100CNYpaybakpaybakpaybakhttp://yujtkd.top/abk/callback.php0u203099CCB1]|hmac[1b55a661849f3334f86c565405769c62]
2018-04-19 16:04:01|orderid[342378523-u203099]|str[Buy1607342378523-u203099100CNYpaybakpaybakpaybakhttp://yujtkd.top/abk/callback.php0u203099ICBC1]|hmac[230e6214d7c462ceb487543545719b75]
2018-04-19 16:04:45|orderid[382592676-u203099]|str[Buy1607382592676-u203099100CNYpaybakpaybakpaybakhttp://yujtkd.top/abk/callback.php0u203099CCB1]|hmac[d5a38735ecf41c52ac23a3a47957fd5c]
2018-04-19 16:23:10|orderid[185351401-u203099]|str[Buy1607185351401-u203099100CNYpaybakpaybakpaybakhttp://yujtkd.top/abk/callback.php0u203099ICBC1]|hmac[784bc5a1e22e45dd35563336113423ab]
2018-04-19 16:50:04|orderid[603581469-u203099]|str[Buy1607603581469-u203099100CNYpaybakpaybakpaybakhttp://yujtkd.top/abk/callback.php0u203099CCB1]|hmac[62737d4854e1e6fbaa70f6963e00bd70]
2018-04-19 16:51:32|orderid[313555596-u203099]|str[Buy1607313555596-u203099100CNYpaybakpaybakpaybakhttp://yujtkd.top/abk/callback.php0u203099ICBC1]|hmac[ea026aa72d1434773e87bd8f77ca97f3]
2018-04-19 16:53:14|orderid[933102648-u203099]|str[Buy1607933102648-u203099100CNYpaybakpaybakpaybakhttp://yujtkd.top/abk/callback.php0u203099CCB1]|hmac[e827cc6f24c5ae9977260f98c5b00aa9]
2018-04-19 18:42:30|orderid[415008227-ushi059]|str[Buy1607415008227-ushi059500CNYpaybakpaybakpaybakhttp://yujtkd.top/abk/callback.php0ushi059CCB1]|hmac[1b70dcbb4b3a7a51b7fb1948f5df6636]
2018-04-19 18:47:16|orderid[415008227-ushi059]|str[1607Buy1201804191842419230500.00RMBpaybak415008227-ushi059ushi0592]|hmac[a5c7e4fc4d2aa193ac401b5eccf58cba]
2018-04-19 18:48:17|orderid[415008227-ushi059]|str[1607Buy1201804191842419230500.00RMBpaybak415008227-ushi059ushi0592]|hmac[a5c7e4fc4d2aa193ac401b5eccf58cba]
2018-04-19 18:56:06|orderid[165065979-ushi059]|str[Buy1607165065979-ushi05969500CNYpaybakpaybakpaybakhttp://yujtkd.top/abk/callback.php0ushi059CCB1]|hmac[7bacebac539070ac509b4d2a41fe61a9]
2018-04-19 18:56:39|orderid[169885590-ushi059]|str[Buy1607169885590-ushi05950000CNYpaybakpaybakpaybakhttp://yujtkd.top/abk/callback.php0ushi059CCB1]|hmac[4b8181d90b96554ebfcbc4c2cd6dc3c3]
2018-04-19 18:57:54|orderid[169885590-ushi059]|str[1607Buy120180419185649162750000.00RMBpaybak169885590-ushi059ushi0592]|hmac[fd506d19ec83203cb876282dd6b372c0]
2018-04-19 18:58:54|orderid[169885590-ushi059]|str[1607Buy120180419185649162750000.00RMBpaybak169885590-ushi059ushi0592]|hmac[fd506d19ec83203cb876282dd6b372c0]
2018-04-19 19:02:40|orderid[980455946-ushi059]|str[Buy1607980455946-ushi05919500CNYpaybakpaybakpaybakhttp://yujtkd.top/abk/callback.php0ushi059CCB1]|hmac[464d299b954022aa0a25cc38bb2e6cc8]
2018-04-19 19:03:52|orderid[980455946-ushi059]|str[1607Buy120180419190250237519500.00RMBpaybak980455946-ushi059ushi0592]|hmac[82007d0b17d8a2969552283fc6a77d5f]
2018-04-19 19:04:53|orderid[980455946-ushi059]|str[1607Buy120180419190250237519500.00RMBpaybak980455946-ushi059ushi0592]|hmac[82007d0b17d8a2969552283fc6a77d5f]
2018-04-23 15:53:04|orderid[519090723-ushi089]|str[Buy1607519090723-ushi08940000CNYpaybakpaybakpaybakhttp://yujtkd.top/abk/callback.php0ushi089ABC1]|hmac[2aba41f3000c8f64cbf03742ce4afefa]
2018-04-23 15:56:14|orderid[805890702-ushi089]|str[Buy1607805890702-ushi08940000CNYpaybakpaybakpaybakhttp://yujtkd.top/abk/callback.php0ushi089ABC1]|hmac[aa977fc301220f39620289f44c67698e]
2018-04-23 15:58:51|orderid[805890702-ushi089]|str[1607Buy120180423155632889540000.00RMBpaybak805890702-ushi089ushi0892]|hmac[c8744b27f5434d5d8617a02767b18222]
2018-04-23 15:59:52|orderid[805890702-ushi089]|str[1607Buy120180423155632889540000.00RMBpaybak805890702-ushi089ushi0892]|hmac[c8744b27f5434d5d8617a02767b18222]
2018-04-23 17:46:14|orderid[818736226-u203099]|str[Buy1607818736226-u203099100CNYpaybakpaybakpaybakhttp://yujtkd.top/abk/callback.php0u203099ICBC1]|hmac[a9dd92072c67dd74ab7a14fa98bd8ada]
2018-04-24 09:29:59|orderid[769097610-ushi058]|str[Buy1607769097610-ushi05865000CNYpaybakpaybakpaybakhttp://yujtkd.top/abk/callback.php0ushi058CCB1]|hmac[5c2559ed2e4e96c43cfc4aea8d780994]
2018-04-24 09:30:47|orderid[422915827-ushi058]|str[Buy1607422915827-ushi05850000CNYpaybakpaybakpaybakhttp://yujtkd.top/abk/callback.php0ushi058CCB1]|hmac[48fe81d114214b346cf6718b9fe48c11]
2018-04-24 09:33:27|orderid[422915827-ushi058]|str[1607Buy120180424093105297350000.00RMBpaybak422915827-ushi058ushi0582]|hmac[a653c63033fd93ac5c95d93815d0313d]
2018-04-24 09:34:27|orderid[422915827-ushi058]|str[1607Buy120180424093105297350000.00RMBpaybak422915827-ushi058ushi0582]|hmac[a653c63033fd93ac5c95d93815d0313d]
2018-04-24 09:36:10|orderid[742665422-ushi058]|str[Buy1607742665422-ushi05810000CNYpaybakpaybakpaybakhttp://yujtkd.top/abk/callback.php0ushi058CCB1]|hmac[75c25e07eaedd23b883c880e79251299]
2018-04-24 09:41:33|orderid[988141790-ushi058]|str[Buy1607988141790-ushi05810000CNYpaybakpaybakpaybakhttp://yujtkd.top/abk/callback.php0ushi058CCB1]|hmac[04be633ab19be0917a20d2e0c8998fef]
2018-04-24 09:42:22|orderid[988141790-ushi058]|str[1607Buy120180424094150103010000.00RMBpaybak988141790-ushi058ushi0582]|hmac[52845f0ecfdb8ecb6d99d9745d2b53e2]
2018-04-24 09:43:23|orderid[988141790-ushi058]|str[1607Buy120180424094150103010000.00RMBpaybak988141790-ushi058ushi0582]|hmac[52845f0ecfdb8ecb6d99d9745d2b53e2]
2018-04-26 17:42:41|orderid[172569214-u203099]|str[Buy1607172569214-u203099100CNYpaybakpaybakpaybakhttp://yujtkd.top/abk/callback.php0u203099ICBC1]|hmac[a94f0e99b899b7bdbd2cba1686477856]
2018-05-02 10:47:47|orderid[809818686-ushi056]|str[Buy1607809818686-ushi05610000CNYpaybakpaybakpaybakhttp://yujtkd.top/abk/callback.php0ushi056CCB1]|hmac[3b63f18456df0970206796ca3e724c2b]
2018-05-02 11:09:21|orderid[418365387-ushi056]|str[Buy1607418365387-ushi05610000CNYpaybakpaybakpaybakhttp://yujtkd.top/abk/callback.php0ushi056CCB1]|hmac[f35c4df24e4b9e98fbcfe0f564a1fd74]
2018-05-02 11:15:11|orderid[471409066-ushi056]|str[Buy1607471409066-ushi05610000CNYpaybakpaybakpaybakhttp://yujtkd.top/abk/callback.php0ushi056CCB1]|hmac[bc51b4fb430127d5ae660941112dfba4]
2018-05-02 12:59:53|orderid[879819539-ushi056]|str[Buy1607879819539-ushi05610000CNYpaybakpaybakpaybakhttp://yujtkd.top/abk/callback.php0ushi056CCB1]|hmac[ee62a2781b804a329e67f21807315177]
2018-05-02 13:09:42|orderid[612678693-ushi056]|str[Buy1607612678693-ushi0565000CNYpaybakpaybakpaybakhttp://yujtkd.top/abk/callback.php0ushi056CCB1]|hmac[ac87a50c73bd7a510330f247741d3968]
2018-05-02 13:11:26|orderid[527346351-ushi056]|str[Buy1607527346351-ushi0565000CNYpaybakpaybakpaybakhttp://yujtkd.top/abk/callback.php0ushi056CCB1]|hmac[8c0a5fccfb5fd1bfbbe74ea5cf859338]
2018-05-02 13:12:08|orderid[481142286-ushi056]|str[Buy1607481142286-ushi0565000CNYpaybakpaybakpaybakhttp://yujtkd.top/abk/callback.php0ushi056CCB1]|hmac[0db4b9e02cbb1d1450c753bd92befd1c]
2018-05-02 13:14:41|orderid[950485578-ushi056]|str[Buy1607950485578-ushi0565000CNYpaybakpaybakpaybakhttp://yujtkd.top/abk/callback.php0ushi056CCB1]|hmac[64f22f42ecdc1dbdd0b7951143acdc92]
2018-05-02 13:16:08|orderid[950485578-ushi056]|str[1607Buy12018050213143096775000.00RMBpaybak950485578-ushi056ushi0562]|hmac[c8e4e17affe29bb7f8f9b7af90ab8003]
2018-05-02 13:16:21|orderid[950485578-ushi056]|str[1607Buy12018050213143096775000.00RMBpaybak950485578-ushi056ushi0561]|hmac[96b3b7456a59dbe7917a719397614048]
2018-05-02 13:16:39|orderid[950485578-ushi056]|str[1607Buy12018050213143096775000.00RMBpaybak950485578-ushi056ushi0561]|hmac[96b3b7456a59dbe7917a719397614048]
2018-05-02 13:17:44|orderid[715133755-ushi056]|str[Buy1607715133755-ushi0565000CNYpaybakpaybakpaybakhttp://yujtkd.top/abk/callback.php0ushi056CCB1]|hmac[5279cc002e6da6b6eac38d293337e611]
2018-05-02 13:19:41|orderid[651259375-ushi056]|str[Buy1607651259375-ushi0565000CNYpaybakpaybakpaybakhttp://yujtkd.top/abk/callback.php0ushi056CCB1]|hmac[3b35711af022d8fdab5c8167398a9866]
2018-05-02 13:20:46|orderid[651259375-ushi056]|str[1607Buy12018050213192905385000.00RMBpaybak651259375-ushi056ushi0562]|hmac[ba642adee144dea6dd559d6e52f80ca3]
2018-05-02 13:20:56|orderid[651259375-ushi056]|str[1607Buy12018050213192905385000.00RMBpaybak651259375-ushi056ushi0561]|hmac[69e77ebd0c2793f4ac97daff3dc30783]
2018-05-02 13:21:12|orderid[651259375-ushi056]|str[1607Buy12018050213192905385000.00RMBpaybak651259375-ushi056ushi0561]|hmac[69e77ebd0c2793f4ac97daff3dc30783]
2018-05-02 13:47:12|orderid[897333565-]|str[Buy1607897333565-CNYpaybakpaybakpaybakhttp://yujtkd.top/abk/callback.php01]|hmac[861f8a3075d2ac2a1f851c69bfd32500]
2018-05-02 13:47:38|orderid[603063941-]|str[Buy1607603063941-CNYpaybakpaybakpaybakhttp://yujtkd.top/abk/callback.php01]|hmac[adcfaaf901e4bd512a12947fbbbe04a4]
2018-05-02 13:47:42|orderid[935754537-]|str[Buy1607935754537-CNYpaybakpaybakpaybakhttp://yujtkd.top/abk/callback.php01]|hmac[831face8bbeb7075c310d47acc62ea74]
2018-05-02 13:47:52|orderid[291821876-]|str[Buy1607291821876-CNYpaybakpaybakpaybakhttp://yujtkd.top/abk/callback.php01]|hmac[fa5b087eb8107dbd50ac613388f39312]
2018-05-03 12:35:48|orderid[706298818-u203099]|str[Buy1607706298818-u203099100CNYpaybakpaybakpaybakhttp://yujtkd.top/abk/callback.php0u203099ICBC1]|hmac[b2165bc234adff321552464fe4a48b1c]
2018-05-03 12:37:03|orderid[769836985-u203099]|str[Buy1607769836985-u203099100CNYpaybakpaybakpaybakhttp://yujtkd.top/abk/callback.php0u203099ABC1]|hmac[73fbc33a3214db487d5567f98a7fc912]
2018-05-06 21:32:47|orderid[199426818-u203099]|str[Buy1607199426818-u203099100CNYpaybakpaybakpaybakhttp://yujtkd.top/abk/callback.php0u203099ICBC1]|hmac[c89c00e620a5fca88daee042527f9006]
2018-05-07 22:21:22|orderid[844364080-u203099]|str[Buy1607844364080-u203099100CNYpaybakpaybakpaybakhttp://yujtkd.top/abk/callback.php0u203099ICBC1]|hmac[c856b5b5f35c59abf9507b1f8789267b]
2018-05-10 14:59:03|orderid[191943600-ushi058]|str[Buy1607191943600-ushi0589000CNYpaybakpaybakpaybakhttp://yujtkd.top/abk/callback.php0ushi058CCB1]|hmac[40306457bb3040e9a976be6610f50efc]
2018-05-10 15:03:12|orderid[438574202-ushi058]|str[Buy1607438574202-ushi0589000CNYpaybakpaybakpaybakhttp://yujtkd.top/abk/callback.php0ushi058CCB1]|hmac[82c477bb028af6cde4bbb0c4f7dffbf1]
2018-05-10 15:11:29|orderid[539327015-ushi058]|str[Buy1607539327015-ushi0589000CNYpaybakpaybakpaybakhttp://yujtkd.top/abk/callback.php0ushi058CCB1]|hmac[a5f9a19400354565b0c8466f5d7de4d6]
2018-05-10 15:22:32|orderid[696064091-]|str[Buy1607696064091-CNYpaybakpaybakpaybakhttp://yujtkd.top/abk/callback.php01]|hmac[73785e3746a538ef10f836cff3e791bb]
2018-05-10 15:23:16|orderid[150265593-]|str[Buy1607150265593-CNYpaybakpaybakpaybakhttp://yujtkd.top/abk/callback.php01]|hmac[fcf6c7d515cfcff7069211e854794e91]
2018-05-11 10:09:54|orderid[987498059-ushi058]|str[Buy1607987498059-ushi0589000CNYpaybakpaybakpaybakhttp://yujtkd.top/abk/callback.php0ushi058CCB1]|hmac[5dea5f791415c906dcebb71be0cd538e]
2018-05-11 10:23:12|orderid[997144045-ushi058]|str[Buy1607997144045-ushi0589000CNYpaybakpaybakpaybakhttp://yujtkd.top/abk/callback.php0ushi058CCB1]|hmac[a56f675e855edcb42d8ed5648a10eb2f]
2018-05-11 10:33:45|orderid[526280401-ushi058]|str[Buy1607526280401-ushi0589000CNYpaybakpaybakpaybakhttp://yujtkd.top/abk/callback.php0ushi058CCB1]|hmac[0e5f76632f93f70a50b7b6a3d049956b]
2018-05-11 10:36:38|orderid[504279788-ushi058]|str[Buy1607504279788-ushi0589000CNYpaybakpaybakpaybakhttp://yujtkd.top/abk/callback.php0ushi058CCB1]|hmac[b14e4912542d07550afbc6d4746ca492]
2018-05-11 10:37:57|orderid[891346734-ushi058]|str[Buy1607891346734-ushi0589000CNYpaybakpaybakpaybakhttp://yujtkd.top/abk/callback.php0ushi058CCB1]|hmac[8ada42bf5c59b5040d975e0fcad6ca9f]
2018-05-11 10:38:38|orderid[891346734-ushi058]|str[1607Buy12018051110383981539000.00RMBpaybak891346734-ushi058ushi0582]|hmac[127dc22157309875a89f4827f2ad016b]
2018-05-11 10:39:22|orderid[871353196-ushi058]|str[Buy1607871353196-ushi0589000CNYpaybakpaybakpaybakhttp://yujtkd.top/abk/callback.php0ushi058CCB1]|hmac[bdd9c9a5cf7107793b2e83521c42645e]
2018-05-13 12:41:25|orderid[921366477-ushi059]|str[Buy1607921366477-ushi05950000CNYpaybakpaybakpaybakhttp://yujtkd.top/abk/callback.php0ushi059CCB1]|hmac[ed52ce08f5b25bef698d455f0a828a74]
2018-05-13 12:43:13|orderid[751720498-ushi059]|str[Buy1607751720498-ushi05950000CNYpaybakpaybakpaybakhttp://yujtkd.top/abk/callback.php0ushi059CCB1]|hmac[d11fb2b9ee695377795bdbb7c36b17b6]
2018-05-13 12:52:25|orderid[751720498-ushi059]|str[1607Buy120180513124354450150000.00RMBpaybak751720498-ushi059ushi0592]|hmac[dc197bc284535635596a4e297c83f8aa]
2018-05-13 12:52:52|orderid[751720498-ushi059]|str[1607Buy120180513124354450150000.00RMBpaybak751720498-ushi059ushi0591]|hmac[33e6f4baed2ef5a682c9e2bc7b0ae667]
2018-05-13 12:52:52|orderid[751720498-ushi059]|str[1607Buy120180513124354450150000.00RMBpaybak751720498-ushi059ushi0591]|hmac[33e6f4baed2ef5a682c9e2bc7b0ae667]
2018-05-14 14:09:33|orderid[431876994-ushi063]|str[Buy1607431876994-ushi06320000CNYpaybakpaybakpaybakhttp://yujtkd.top/abk/callback.php0ushi063HXB1]|hmac[f5894b34ea9d07bcf166a6e384392147]
2018-05-14 14:10:54|orderid[886461285-ushi063]|str[Buy1607886461285-ushi06320000CNYpaybakpaybakpaybakhttp://yujtkd.top/abk/callback.php0ushi063HXB1]|hmac[619cad7af086cc40ffc484e54a30f9c2]
2018-05-15 01:55:55|orderid[511523673-]|str[Buy1607511523673-CNYpaybakpaybakpaybakhttp://yujtkd.top/abk/callback.php01]|hmac[20c0a5c112726e47d55eef300d383cc4]
2018-05-15 11:14:13|orderid[181695329-ushi063]|str[Buy1607181695329-ushi06320000CNYpaybakpaybakpaybakhttp://yujtkd.top/abk/callback.php0ushi063SPDB1]|hmac[14ba6d1554bd4ebc0300d4b27518664f]
2018-05-15 14:13:48|orderid[550946369-ushi063]|str[Buy1607550946369-ushi06320000CNYpaybakpaybakpaybakhttp://yujtkd.top/abk/callback.php0ushi063SPDB1]|hmac[2a05807ebf32b1f35e50756999d5ddd7]
2018-05-15 14:15:42|orderid[550946369-ushi063]|str[1607Buy120180515141428902720000.00RMBpaybak550946369-ushi063ushi0632]|hmac[bb80ad62ffcd9c86654e9a6dfe88d990]
2018-05-15 14:15:58|orderid[550946369-ushi063]|str[1607Buy120180515141428902720000.00RMBpaybak550946369-ushi063ushi0631]|hmac[565ca3465fd583ba55541687f44fafd3]
2018-05-15 20:58:06|orderid[457255868-u203099]|str[Buy1607457255868-u203099100CNYpaybakpaybakpaybakhttp://yujtkd.top/abk/callback.php0u203099ICBC1]|hmac[14b483697dc216c0f6cad746f8ee235f]
2018-05-15 20:58:20|orderid[366212701-u203099]|str[Buy1607366212701-u203099100CNYpaybakpaybakpaybakhttp://yujtkd.top/abk/callback.php0u203099ABC1]|hmac[087638f187de036938ca748699db55f8]
2018-05-15 20:58:47|orderid[714069541-u203099]|str[Buy1607714069541-u20309910000CNYpaybakpaybakpaybakhttp://yujtkd.top/abk/callback.php0u203099ICBC1]|hmac[7a69964372104b5fb0871edbe4155fa2]
2018-05-15 21:00:36|orderid[602423467-u203099]|str[Buy1607602423467-u2030991000CNYpaybakpaybakpaybakhttp://yujtkd.top/abk/callback.php0u203099CCB1]|hmac[23a94a57c7078d0b9edf9228081a5185]
2018-05-16 11:00:04|orderid[153959641-ushi058]|str[Buy1607153959641-ushi0585000CNYpaybakpaybakpaybakhttp://yujtkd.top/abk/callback.php0ushi058CCB1]|hmac[3fc70fee015df098c366e1b5cdf4cdae]
2018-05-16 11:00:31|orderid[222435233-ushi058]|str[Buy1607222435233-ushi0585000CNYpaybakpaybakpaybakhttp://yujtkd.top/abk/callback.php0ushi058CCB1]|hmac[0b2c8576ff07180b1a53c383449eaf4e]
2018-05-16 11:01:17|orderid[457337286-ushi058]|str[Buy1607457337286-ushi0585000CNYpaybakpaybakpaybakhttp://yujtkd.top/abk/callback.php0ushi058CCB1]|hmac[614e75f372113f745a52cd9278527a31]
2018-05-16 11:04:48|orderid[574030967-ushi058]|str[Buy1607574030967-ushi0585000CNYpaybakpaybakpaybakhttp://yujtkd.top/abk/callback.php0ushi058CCB1]|hmac[1e3928f5d32b81cde90eb5e21a4f6b9e]
2018-05-16 11:07:29|orderid[546659014-ushi058]|str[Buy1607546659014-ushi0585000CNYpaybakpaybakpaybakhttp://yujtkd.top/abk/callback.php0ushi058CCB1]|hmac[24b420563af63bca65d450a40fdffbb2]
2018-05-16 11:15:30|orderid[874533983-ushi058]|str[Buy1607874533983-ushi0585000CNYpaybakpaybakpaybakhttp://yujtkd.top/abk/callback.php0ushi058CCB1]|hmac[904fc11b223fb6ebae99023b8b19401d]
2018-05-16 11:20:28|orderid[493953246-]|str[Buy1607493953246-CNYpaybakpaybakpaybakhttp://yujtkd.top/abk/callback.php01]|hmac[cfd8e8d2a6b26bf53ee6f8d2a627ebc8]
2018-05-16 11:27:09|orderid[814441844-]|str[Buy1607814441844-CNYpaybakpaybakpaybakhttp://yujtkd.top/abk/callback.php01]|hmac[1b8ecb233024d0e1ab09eb9d3bfdfd6e]
2018-05-16 11:27:19|orderid[936449340-]|str[Buy1607936449340-CNYpaybakpaybakpaybakhttp://yujtkd.top/abk/callback.php01]|hmac[578afaa182d73c344c41982e628e79db]
2018-05-16 11:28:18|orderid[303205095-ushi058]|str[Buy1607303205095-ushi0585000CNYpaybakpaybakpaybakhttp://yujtkd.top/abk/callback.php0ushi058CCB1]|hmac[43ff2233a439b1b682b74e4ce191bb8a]
2018-05-16 11:30:00|orderid[383338668-ushi058]|str[Buy1607383338668-ushi0585100CNYpaybakpaybakpaybakhttp://yujtkd.top/abk/callback.php0ushi058CCB1]|hmac[9f4cef62b267c3b88794cf2644931633]
2018-05-16 14:45:43|orderid[949831230-ushi058]|str[Buy1607949831230-ushi0585000CNYpaybakpaybakpaybakhttp://yujtkd.top/abk/callback.php0ushi058CCB1]|hmac[fbafb2dd4860d27c8abceec2decb75d1]
2018-05-16 14:46:34|orderid[417638562-ushi058]|str[Buy1607417638562-ushi0585000CNYpaybakpaybakpaybakhttp://yujtkd.top/abk/callback.php0ushi058CCB1]|hmac[96fbdf55965eac32189338c147c9cbad]
2018-05-16 14:49:14|orderid[707807453-ushi058]|str[Buy1607707807453-ushi0585000CNYpaybakpaybakpaybakhttp://yujtkd.top/abk/callback.php0ushi058CCB1]|hmac[0ef4e9ffaf25595d617c8a2af5f3ec48]
2018-05-16 16:47:31|orderid[208892226-ushi058]|str[Buy1607208892226-ushi0585000CNYpaybakpaybakpaybakhttp://yujtkd.top/abk/callback.php0ushi058CCB1]|hmac[2954a79e9d9d4e19d56f1b332d6b8c48]
2018-05-16 16:48:31|orderid[628786022-]|str[Buy1607628786022-CNYpaybakpaybakpaybakhttp://yujtkd.top/abk/callback.php01]|hmac[53cc6f1798be04559e450c09884e8fee]
2018-05-16 16:48:46|orderid[208892226-ushi058]|str[1607Buy12018051616481094095000.00RMBpaybak208892226-ushi058ushi0582]|hmac[4202802be93b323b619b7ec1ee2a1900]
2018-05-21 09:27:27|orderid[808651338-ushi055]|str[Buy1607808651338-ushi05550000CNYpaybakpaybakpaybakhttp://yujtkd.top/abk/callback.php0ushi055CCB1]|hmac[5d44b8e940ed57db8aaf3122f76d9a16]
2018-05-21 09:27:53|orderid[121353769-ushi055]|str[Buy1607121353769-ushi05520000CNYpaybakpaybakpaybakhttp://yujtkd.top/abk/callback.php0ushi055CCB1]|hmac[8466e534d785c4570713c910b333c231]
2018-05-21 13:10:53|orderid[245635138-ushi053]|str[Buy1607245635138-ushi05320000CNYpaybakpaybakpaybakhttp://yujtkd.top/abk/callback.php0ushi053CCB1]|hmac[09f2a4d57f56d6a7fb24768097cba0ed]
2018-05-21 13:12:15|orderid[245635138-ushi053]|str[1607Buy120180521131115680820000.00RMBpaybak245635138-ushi053ushi0532]|hmac[4fd61054ce2678b39cd8680da5a7972e]
2018-05-22 11:21:18|orderid[141917835-ushi055]|str[Buy1607141917835-ushi05520000CNYpaybakpaybakpaybakhttp://yujtkd.top/abk/callback.php0ushi055CCB1]|hmac[9303c2a77a62fe060f8d9fb79ee8ad35]
2018-05-22 11:33:55|orderid[727361099-ushi055]|str[Buy1607727361099-ushi05520000CNYpaybakpaybakpaybakhttp://yujtkd.top/abk/callback.php0ushi055CCB1]|hmac[5dade4f9031df4ae19af574b831120ba]
2018-05-22 11:45:55|orderid[727361099-ushi055]|str[1607Buy120180522113416470220000.00RMBpaybak727361099-ushi055ushi0552]|hmac[051a55e83a0ac4e026b3f4d3298afce9]
2018-05-22 22:13:34|orderid[211407053-u203099]|str[Buy1607211407053-u203099500CNYpaybakpaybakpaybakhttp://yujtkd.top/abk/callback.php0u203099ICBC1]|hmac[0e9194bbe3966c90487f683fd6dbf6d5]
2018-05-23 10:21:44|orderid[396414148-ushi052]|str[Buy1607396414148-ushi052500CNYpaybakpaybakpaybakhttp://yujtkd.top/abk/callback.php0ushi052ICBC1]|hmac[9c482924ad036bb81b7f5c6e544b00d0]
2018-05-23 10:27:00|orderid[738805388-ushi052]|str[Buy1607738805388-ushi05210000CNYpaybakpaybakpaybakhttp://yujtkd.top/abk/callback.php0ushi052ICBC1]|hmac[6e10e71de4dedb946284141c9754e35e]
2018-05-23 10:29:19|orderid[738805388-ushi052]|str[1607Buy120180523102721644110000.00RMBpaybak738805388-ushi052ushi0522]|hmac[e533c090561126694531e83e3a334398]
2018-05-23 10:30:14|orderid[627002719-ushi052]|str[Buy1607627002719-ushi05220000CNYpaybakpaybakpaybakhttp://yujtkd.top/abk/callback.php0ushi052ICBC1]|hmac[6641ec2ecf6d21474ddfa5f0255ff6a5]
2018-05-23 10:31:23|orderid[627002719-ushi052]|str[1607Buy120180523103034870320000.00RMBpaybak627002719-ushi052ushi0522]|hmac[2267fba3205941ab1b3bfee24139504a]
2018-05-24 21:31:36|orderid[178311237-ushi052]|str[Buy1607178311237-ushi05220000CNYpaybakpaybakpaybakhttp://yujtkd.top/abk/callback.php0ushi052ICBC1]|hmac[4eb726d80b959821a69a327fd5c6b1df]
2018-05-24 21:35:10|orderid[178311237-ushi052]|str[1607Buy120180524213156977120000.00RMBpaybak178311237-ushi052ushi0522]|hmac[f3ab20e59901453cf7acf6e2b39b5829]
2018-05-30 12:30:29|orderid[577144440-u203099]|str[Buy1607577144440-u2030991000CNYpaybakpaybakpaybakhttp://yujtkd.top/abk/callback.php0u203099ICBC1]|hmac[763751c2219130a20b0af51ba43e2648]
2018-06-04 11:30:32|orderid[508527952-ushi089]|str[Buy1607508527952-ushi08910000CNYpaybakpaybakpaybakhttp://yujtkd.top/abk/callback.php0ushi089ABC1]|hmac[1b9cdcbd8e2a1ac71c24fba320886df7]
2018-06-04 11:34:39|orderid[508527952-ushi089]|str[1607Buy120180604113135368510000.00RMBpaybak508527952-ushi089ushi0892]|hmac[f3a33df42828e5760e738576a7c3588e]
2018-06-12 09:51:26|orderid[207881835-ushi048]|str[Buy1607207881835-ushi048100CNYpaybakpaybakpaybakhttp://yujtkd.top/abk/callback.php0ushi048CCB1]|hmac[287152a1dad5e0f70bc9830f61059735]
2018-06-12 09:57:54|orderid[369337697-ushi048]|str[Buy1607369337697-ushi048100CNYpaybakpaybakpaybakhttp://yujtkd.top/abk/callback.php0ushi048CCB1]|hmac[b8e781a25c3ca8fcb9d2933424ae5ba9]
2018-06-12 10:00:02|orderid[132578499-ushi048]|str[Buy1607132578499-ushi048100CNYpaybakpaybakpaybakhttp://yujtkd.top/abk/callback.php0ushi048CCB1]|hmac[f4201829dbabf48ab0cd8dc968123e5b]
2018-06-12 10:07:36|orderid[788612469-ushi]|str[Buy1607788612469-ushi100CNYpaybakpaybakpaybakhttp://yujtkd.top/abk/callback.php0ushiCCB1]|hmac[43fdf90382cad132105b60f82c76b930]
2018-06-12 10:11:17|orderid[451821154-ushi048]|str[Buy1607451821154-ushi048100CNYpaybakpaybakpaybakhttp://yujtkd.top/abk/callback.php0ushi048CCB1]|hmac[b86bf000fe7821eb48768a45235d22d6]
2018-06-12 10:16:40|orderid[423562542-ushi048]|str[Buy1607423562542-ushi048100CNYpaybakpaybakpaybakhttp://yujtkd.top/abk/callback.php0ushi048CCB1]|hmac[c88146e49ad0578c807aced233ce7c19]
2018-06-12 10:17:50|orderid[423562542-ushi048]|str[1607Buy1201806121018397208100.00RMBpaybak423562542-ushi048ushi0482]|hmac[796ba8dd2895eba23dcfb7a85696e8ba]
2018-06-12 10:17:52|orderid[423562542-ushi048]|str[1607Buy1201806121018397208100.00RMBpaybak423562542-ushi048ushi0482]|hmac[796ba8dd2895eba23dcfb7a85696e8ba]
2018-06-12 10:18:02|orderid[423562542-ushi048]|str[1607Buy1201806121018397208100.00RMBpaybak423562542-ushi048ushi0481]|hmac[0f30e2acae21921a8bc58dcfeabc0d73]
2018-06-12 10:24:36|orderid[701033942-]|str[Buy1607701033942-CNYpaybakpaybakpaybakhttp://yujtkd.top/abk/callback.php01]|hmac[5fbbd3f30a7119b70c34e44a6dafc138]
2018-06-12 10:25:33|orderid[518250177-]|str[Buy1607518250177-CNYpaybakpaybakpaybakhttp://yujtkd.top/abk/callback.php01]|hmac[9156eb1b73de09650a5ebc9888c911d7]
2018-06-12 10:25:55|orderid[374961312-]|str[Buy1607374961312-CNYpaybakpaybakpaybakhttp://yujtkd.top/abk/callback.php01]|hmac[76c47c4d3cee052b50fc59ba7d7fab46]
2018-06-12 10:25:56|orderid[312075408-]|str[Buy1607312075408-CNYpaybakpaybakpaybakhttp://yujtkd.top/abk/callback.php01]|hmac[ea3abb2590b85d90a074bd121d65e536]
2018-06-12 13:15:41|orderid[808185357-ushi049]|str[Buy1607808185357-ushi04910000CNYpaybakpaybakpaybakhttp://yujtkd.top/abk/callback.php0ushi049ICBC1]|hmac[f151e451cfd5592899533931ea0d7b01]
2018-06-12 13:18:07|orderid[421306588-ushi049]|str[Buy1607421306588-ushi049100CNYpaybakpaybakpaybakhttp://yujtkd.top/abk/callback.php0ushi049ICBC1]|hmac[448e4bf88cdb0c22ffaec299b3ef3f2c]
2018-06-12 13:20:57|orderid[798435052-ushi049]|str[Buy1607798435052-ushi049100CNYpaybakpaybakpaybakhttp://yujtkd.top/abk/callback.php0ushi049ICBC1]|hmac[80597e9ff03ffebbbabe3878726730c1]
2018-06-12 13:21:56|orderid[118247235-]|str[Buy1607118247235-CNYpaybakpaybakpaybakhttp://yujtkd.top/abk/callback.php01]|hmac[d596f16daf384a0d42dc2067d179ac70]
2018-06-12 13:38:18|orderid[176299874-ushi048]|str[Buy1607176299874-ushi048900CNYpaybakpaybakpaybakhttp://yujtkd.top/abk/callback.php0ushi048CCB1]|hmac[3c9f6854f076110da0f9f67aad0dd85d]
2018-06-12 13:39:11|orderid[176299874-ushi048]|str[1607Buy1201806121340186690900.00RMBpaybak176299874-ushi048ushi0482]|hmac[f5f1f216e4b8457e5580bd22ad5a740a]
2018-06-12 13:39:12|orderid[176299874-ushi048]|str[1607Buy1201806121340186690900.00RMBpaybak176299874-ushi048ushi0482]|hmac[f5f1f216e4b8457e5580bd22ad5a740a]
2018-06-12 13:39:28|orderid[176299874-ushi048]|str[1607Buy1201806121340186690900.00RMBpaybak176299874-ushi048ushi0481]|hmac[3c04bf0f1b50394c39583aa18e4a7743]
2018-06-13 10:20:09|orderid[875540050-ushi048]|str[Buy1607875540050-ushi0483700CNYpaybakpaybakpaybakhttp://yujtkd.top/abk/callback.php0ushi048CCB1]|hmac[688f49af792202fcb20666fa8633506f]
2018-06-13 10:21:02|orderid[875540050-ushi048]|str[1607Buy12018061310220896853700.00RMBpaybak875540050-ushi048ushi0482]|hmac[5e6c0a3d1d1032cf724b7f319e2a6556]
2018-06-13 10:21:11|orderid[875540050-ushi048]|str[1607Buy12018061310220896853700.00RMBpaybak875540050-ushi048ushi0482]|hmac[5e6c0a3d1d1032cf724b7f319e2a6556]
2018-06-13 10:33:39|orderid[695449801-ushi049]|str[Buy1607695449801-ushi049100CNYpaybakpaybakpaybakhttp://yujtkd.top/abk/callback.php0ushi049ICBC1]|hmac[a9428a21377f4febe830da36dc20069e]
2018-06-13 10:34:39|orderid[130317041-uq6688]|str[Buy1607130317041-uq6688100000CNYpaybakpaybakpaybakhttp://yujtkd.top/abk/callback.php0uq6688ICBC1]|hmac[829f0166eaf98c401b33bd3ad6c60120]
2018-06-13 10:34:54|orderid[703824608-uq6688]|str[Buy1607703824608-uq668820000CNYpaybakpaybakpaybakhttp://yujtkd.top/abk/callback.php0uq6688ICBC1]|hmac[4347c70ff612792b991094a3128b2cdc]
2018-06-13 10:34:57|orderid[858960657-ushi049]|str[Buy1607858960657-ushi049100CNYpaybakpaybakpaybakhttp://yujtkd.top/abk/callback.php0ushi049ICBC1]|hmac[4cc6ff03fd3e03a82be2d5dcd364f9c7]
2018-06-13 10:35:55|orderid[454066750-]|str[Buy1607454066750-CNYpaybakpaybakpaybakhttp://yujtkd.top/abk/callback.php01]|hmac[0b42ebbb0bdb375502a7ef2262d5621f]
2018-06-13 10:37:11|orderid[959929905-ushi049]|str[Buy1607959929905-ushi049100CNYpaybakpaybakpaybakhttp://yujtkd.top/abk/callback.php0ushi049ICBC1]|hmac[690b4415ca34026617bc640ef1a59b51]
2018-06-13 10:40:33|orderid[883698760-]|str[Buy1607883698760-1CNYpaybakpaybakpaybakhttp://yujtkd.top/abk/callback.php0ICBC1]|hmac[dee612f3039ee5abb1849b89d31de143]
2018-06-13 10:40:42|orderid[926476359-]|str[Buy1607926476359-100CNYpaybakpaybakpaybakhttp://yujtkd.top/abk/callback.php0ICBC1]|hmac[1bb918901370c3dd802327be1aefc0f2]
2018-06-13 10:43:42|orderid[261384310-ushi049]|str[Buy1607261384310-ushi049100CNYpaybakpaybakpaybakhttp://yujtkd.top/abk/callback.php0ushi049ICBC1]|hmac[0d0b1a40f691c7def0db35f5d0d0d278]
2018-06-13 10:44:59|orderid[100006642-ushi049]|str[Buy1607100006642-ushi049100CNYpaybakpaybakpaybakhttp://yujtkd.top/abk/callback.php0ushi049ICBC1]|hmac[ae68aa793888978b209919b14e1fdef1]
2018-06-13 10:47:47|orderid[458602934-ushi049]|str[Buy1607458602934-ushi049100CNYpaybakpaybakpaybakhttp://yujtkd.top/abk/callback.php0ushi049ICBC1]|hmac[3c9fe72151c61f337b1f93f94786e01a]
2018-06-13 10:51:32|orderid[716375812-ushi049]|str[Buy1607716375812-ushi049100CNYpaybakpaybakpaybakhttp://yujtkd.top/abk/callback.php0ushi049ICBC1]|hmac[5990e9326cf6675c40347b3e04baef82]
2018-06-13 10:52:28|orderid[258695323-ushi049]|str[Buy1607258695323-ushi049100CNYpaybakpaybakpaybakhttp://yujtkd.top/abk/callback.php0ushi049ICBC1]|hmac[ea6faaacceb232e14b4a6005fb1bff05]
2018-06-13 10:54:05|orderid[893234027-ushi049]|str[Buy1607893234027-ushi049100CNYpaybakpaybakpaybakhttp://yujtkd.top/abk/callback.php0ushi049ICBC1]|hmac[02cc4636ecc16bb22f959a6717d84203]
2018-06-13 10:56:47|orderid[711836584-ushi049]|str[Buy1607711836584-ushi049100CNYpaybakpaybakpaybakhttp://yujtkd.top/abk/callback.php0ushi049ICBC1]|hmac[3bab6f2f996008ed20bc2f5e98991fc9]
2018-06-13 10:57:21|orderid[116070212-]|str[Buy1607116070212-100CNYpaybakpaybakpaybakhttp://yujtkd.top/abk/callback.php0ICBC1]|hmac[9e391f94dc5abb63dc3ba03ab0528b31]
2018-06-13 10:58:07|orderid[305139245-u203099]|str[Buy1607305139245-u2030991000CNYpaybakpaybakpaybakhttp://yujtkd.top/abk/callback.php0u203099ICBC1]|hmac[7e489cd2e045bb341ac187e34f142946]
2018-06-13 11:00:56|orderid[770336702-]|str[Buy1607770336702-100CNYpaybakpaybakpaybakhttp://yujtkd.top/abk/callback.php0ICBC1]|hmac[aacdf11e7339cb823dccb7e82c3fa61b]
2018-06-13 17:32:50|orderid[594921629-ushi049]|str[Buy1607594921629-ushi049100CNYpaybakpaybakpaybakhttp://yujtkd.top/abk/callback.php0ushi049ICBC1]|hmac[3ea0d2c99423fd434536d9bbbe590551]
2018-06-13 17:42:09|orderid[594921629-ushi049]|str[1607Buy1201806131734485169100.00RMBpaybak594921629-ushi049ushi0492]|hmac[dbdaaf1f1b5bcffd6f0f3f8f31a196a5]
2018-06-13 17:43:10|orderid[594921629-ushi049]|str[1607Buy1201806131734485169100.00RMBpaybak594921629-ushi049ushi0492]|hmac[dbdaaf1f1b5bcffd6f0f3f8f31a196a5]
2018-06-13 18:07:40|orderid[956241095-ushi049]|str[Buy1607956241095-ushi04910000CNYpaybakpaybakpaybakhttp://yujtkd.top/abk/callback.php0ushi049ICBC1]|hmac[c0eb059c2d580140948cc05f7ed87b6c]
2018-06-13 18:09:02|orderid[956241095-ushi049]|str[1607Buy120180613180939815110000.00RMBpaybak956241095-ushi049ushi0492]|hmac[ffd75b506b389424afac810c0d925888]
2018-06-13 18:10:02|orderid[956241095-ushi049]|str[1607Buy120180613180939815110000.00RMBpaybak956241095-ushi049ushi0492]|hmac[ffd75b506b389424afac810c0d925888]
2018-06-15 14:07:19|orderid[299366301-ushi049]|str[Buy1607299366301-ushi04910000CNYpaybakpaybakpaybakhttp://yujtkd.top/abk/callback.php0ushi049ICBC1]|hmac[6cf399550ac9a136c3b6128f675c9921]
2018-06-15 14:13:31|orderid[299366301-ushi049]|str[1607Buy120180615140917578610000.00RMBpaybak299366301-ushi049ushi0492]|hmac[e3cf66c4dfe809d9ce2596ab6de793db]
2018-06-15 14:13:39|orderid[299366301-ushi049]|str[1607Buy120180615140917578610000.00RMBpaybak299366301-ushi049ushi0492]|hmac[e3cf66c4dfe809d9ce2596ab6de793db]
2018-06-19 15:23:38|orderid[157725227-u203099]|str[Buy1607157725227-u203099100CNYpaybakpaybakpaybakhttp://yujtkd.top/abk/callback.php0u203099ICBC1]|hmac[9b76973d081385809766170077815af9]
2018-06-19 15:24:38|orderid[296434471-]|str[Buy1607296434471-CNYpaybakpaybakpaybakhttp://yujtkd.top/abk/callback.php01]|hmac[8550cedeccecb78daf51e3424eef5fca]
2018-06-20 12:02:41|orderid[172328716-ushi052]|str[Buy1607172328716-ushi05220000CNYpaybakpaybakpaybakhttp://yujtkd.top/abk/callback.php0ushi052ICBC1]|hmac[835b128e7d6f6f2f7adfb5dc7fdb009d]
2018-06-20 12:06:30|orderid[791027747-ushi052]|str[Buy1607791027747-ushi05210000CNYpaybakpaybakpaybakhttp://yujtkd.top/abk/callback.php0ushi052ICBC1]|hmac[9f0c19ee67d2e466575899b9b994a6aa]
2018-06-20 12:07:50|orderid[401834942-ushi052]|str[Buy1607401834942-ushi05210000CNYpaybakpaybakpaybakhttp://yujtkd.top/abk/callback.php0ushi052ICBC1]|hmac[062b8d3657e8b8a4a1eb09dfb0ebe9c5]
2018-06-20 12:10:27|orderid[706077247-ushi052]|str[Buy1607706077247-ushi05210000CNYpaybakpaybakpaybakhttp://yujtkd.top/abk/callback.php0ushi052ICBC1]|hmac[31c68a9eef3b0d85b516624d850daddb]
2018-06-20 12:12:10|orderid[306786021-ushi052]|str[Buy1607306786021-ushi05210000CNYpaybakpaybakpaybakhttp://yujtkd.top/abk/callback.php0ushi052ICBC1]|hmac[a1d734452b6d7161819e5c08d20367df]
2018-06-20 12:13:41|orderid[306786021-ushi052]|str[1607Buy120180620121405407510000.00RMBpaybak306786021-ushi052ushi0522]|hmac[7373d7d24bff5893783273511aa5afd2]
2018-06-20 12:13:45|orderid[306786021-ushi052]|str[1607Buy120180620121405407510000.00RMBpaybak306786021-ushi052ushi0522]|hmac[7373d7d24bff5893783273511aa5afd2]
2018-06-20 12:13:56|orderid[306786021-ushi052]|str[1607Buy120180620121405407510000.00RMBpaybak306786021-ushi052ushi0521]|hmac[b7ba3e5ad3e8ccc650b2686cef84eafe]
2018-06-20 12:14:24|orderid[563304557-ushi052]|str[Buy1607563304557-ushi05210000CNYpaybakpaybakpaybakhttp://yujtkd.top/abk/callback.php0ushi052ICBC1]|hmac[14ac760da9699e363c74874004889e5a]
2018-06-20 12:15:23|orderid[563304557-ushi052]|str[1607Buy120180620121618659710000.00RMBpaybak563304557-ushi052ushi0522]|hmac[e74d9055cb24edeec64c944b4a58d6d6]
2018-06-20 12:15:25|orderid[563304557-ushi052]|str[1607Buy120180620121618659710000.00RMBpaybak563304557-ushi052ushi0522]|hmac[e74d9055cb24edeec64c944b4a58d6d6]
2018-06-20 12:24:40|orderid[312171394-u12345]|str[Buy1607312171394-u1234510CNYpaybakpaybakpaybakhttp://yujtkd.top/abk/callback.php0u12345ICBC1]|hmac[d2e5d992330aafbf6e931b21126b0e9f]
2018-06-20 21:15:20|orderid[744294048-u12345]|str[Buy1607744294048-u123453CNYpaybakpaybakpaybakhttp://149297.cn/abk/callback.php0u12345ICBC1]|hmac[8b45e0ef1436bfa94b42d2214cb8f11a]
2018-06-20 21:15:25|orderid[906941854-u12345]|str[Buy1607906941854-u1234530CNYpaybakpaybakpaybakhttp://149297.cn/abk/callback.php0u12345ICBC1]|hmac[de8d72c2807da018f81ca8b352e3e0c1]
2018-06-21 09:37:55|orderid[626904355-u203099]|str[Buy1607626904355-u203099100CNYpaybakpaybakpaybakhttp://149297.cn/abk/callback.php0u203099ICBC1]|hmac[c43967b7a656f8983586341dfd4fafe6]
2018-06-21 11:15:09|orderid[524158408-u123456]|str[Buy1607524158408-u123456100CNYpaybakpaybakpaybakhttp://149297.cn/abk/callback.php0u123456ICBC1]|hmac[cca6abf200a528cc9e5fc15eadf2d8c3]
2018-06-21 17:28:43|orderid[527204390-u123456]|str[Buy1607527204390-u123456100CNYpaybakpaybakpaybakhttp://149297.cn/abk/callback.php0u123456ICBC1]|hmac[c7801d7679866ccd0a0cdb960862108f]
2018-06-21 20:26:26|orderid[955871596-u123456]|str[Buy1607955871596-u1234561000CNYpaybakpaybakpaybakhttp://149297.cn/abk/callback.php0u123456ICBC1]|hmac[4ba4b7a211a14affd431fc0d4a972246]
2018-06-21 21:28:28|orderid[965265034-uceshi]|str[Buy1607965265034-uceshi1CNYpaybakpaybakpaybakhttp://www.149297.cn/abk/callback.php0uceshiICBC1]|hmac[fea487f634ae73a5185a7aeeafb53ae6]
2018-06-21 21:28:33|orderid[196265395-uceshi]|str[Buy1607196265395-uceshi10CNYpaybakpaybakpaybakhttp://www.149297.cn/abk/callback.php0uceshiICBC1]|hmac[9ac5daae955fa4606c924f2bc3d3a36c]